

Started GET "/rails4" for 18.111.82.181 at 2014-08-30 15:57:04 -0400

ActionController::RoutingError (No route matches [GET] "/rails4"):
  actionpack (4.0.0) lib/action_dispatch/middleware/debug_exceptions.rb:21:in `call'
  actionpack (4.0.0) lib/action_dispatch/middleware/show_exceptions.rb:30:in `call'
  railties (4.0.0) lib/rails/rack/logger.rb:38:in `call_app'
  railties (4.0.0) lib/rails/rack/logger.rb:21:in `block in call'
  activesupport (4.0.0) lib/active_support/tagged_logging.rb:67:in `block in tagged'
  activesupport (4.0.0) lib/active_support/tagged_logging.rb:25:in `tagged'
  activesupport (4.0.0) lib/active_support/tagged_logging.rb:67:in `tagged'
  railties (4.0.0) lib/rails/rack/logger.rb:21:in `call'
  actionpack (4.0.0) lib/action_dispatch/middleware/request_id.rb:21:in `call'
  rack (1.5.2) lib/rack/methodoverride.rb:21:in `call'
  rack (1.5.2) lib/rack/runtime.rb:17:in `call'
  activesupport (4.0.0) lib/active_support/cache/strategy/local_cache.rb:83:in `call'
  rack (1.5.2) lib/rack/lock.rb:17:in `call'
  actionpack (4.0.0) lib/action_dispatch/middleware/static.rb:64:in `call'
  railties (4.0.0) lib/rails/engine.rb:511:in `call'
  railties (4.0.0) lib/rails/application.rb:97:in `call'
  rack (1.5.2) lib/rack/lock.rb:17:in `call'
  rack (1.5.2) lib/rack/content_length.rb:14:in `call'
  rack (1.5.2) lib/rack/handler/webrick.rb:60:in `service'
  /usr/share/ruby/webrick/httpserver.rb:138:in `service'
  /usr/share/ruby/webrick/httpserver.rb:94:in `run'
  /usr/share/ruby/webrick/server.rb:295:in `block in start_thread'


  Rendered /usr/share/gems/gems/actionpack-4.0.0/lib/action_dispatch/middleware/templates/rescues/_trace.erb (0.9ms)
  Rendered /usr/share/gems/gems/actionpack-4.0.0/lib/action_dispatch/middleware/templates/routes/_table.html.erb (11.6ms)
  Rendered /usr/share/gems/gems/actionpack-4.0.0/lib/action_dispatch/middleware/templates/rescues/routing_error.erb within rescues/layout (28.7ms)


Started GET "/we" for 18.111.82.181 at 2014-08-30 15:57:17 -0400

ActionController::RoutingError (No route matches [GET] "/we"):
  actionpack (4.0.0) lib/action_dispatch/middleware/debug_exceptions.rb:21:in `call'
  actionpack (4.0.0) lib/action_dispatch/middleware/show_exceptions.rb:30:in `call'
  railties (4.0.0) lib/rails/rack/logger.rb:38:in `call_app'
  railties (4.0.0) lib/rails/rack/logger.rb:21:in `block in call'
  activesupport (4.0.0) lib/active_support/tagged_logging.rb:67:in `block in tagged'
  activesupport (4.0.0) lib/active_support/tagged_logging.rb:25:in `tagged'
  activesupport (4.0.0) lib/active_support/tagged_logging.rb:67:in `tagged'
  railties (4.0.0) lib/rails/rack/logger.rb:21:in `call'
  actionpack (4.0.0) lib/action_dispatch/middleware/request_id.rb:21:in `call'
  rack (1.5.2) lib/rack/methodoverride.rb:21:in `call'
  rack (1.5.2) lib/rack/runtime.rb:17:in `call'
  activesupport (4.0.0) lib/active_support/cache/strategy/local_cache.rb:83:in `call'
  rack (1.5.2) lib/rack/lock.rb:17:in `call'
  actionpack (4.0.0) lib/action_dispatch/middleware/static.rb:64:in `call'
  railties (4.0.0) lib/rails/engine.rb:511:in `call'
  railties (4.0.0) lib/rails/application.rb:97:in `call'
  rack (1.5.2) lib/rack/lock.rb:17:in `call'
  rack (1.5.2) lib/rack/content_length.rb:14:in `call'
  rack (1.5.2) lib/rack/handler/webrick.rb:60:in `service'
  /usr/share/ruby/webrick/httpserver.rb:138:in `service'
  /usr/share/ruby/webrick/httpserver.rb:94:in `run'
  /usr/share/ruby/webrick/server.rb:295:in `block in start_thread'


  Rendered /usr/share/gems/gems/actionpack-4.0.0/lib/action_dispatch/middleware/templates/rescues/_trace.erb (0.9ms)
  Rendered /usr/share/gems/gems/actionpack-4.0.0/lib/action_dispatch/middleware/templates/routes/_table.html.erb (0.9ms)
  Rendered /usr/share/gems/gems/actionpack-4.0.0/lib/action_dispatch/middleware/templates/rescues/routing_error.erb within rescues/layout (7.8ms)


Started GET "/rails4//" for 18.111.82.181 at 2014-08-30 16:50:49 -0400
Processing by Rails::WelcomeController#index as HTML
  Rendered /usr/share/gems/gems/railties-4.0.0/lib/rails/templates/rails/welcome/index.html.erb (29.4ms)
Completed 200 OK in 85ms (Views: 53.7ms | ActiveRecord: 0.0ms)



Started GET "/rails4//" for 18.111.82.181 at 2014-08-30 16:52:58 -0400
Processing by Rails::WelcomeController#index as HTML
  Rendered /usr/share/gems/gems/railties-4.0.0/lib/rails/templates/rails/welcome/index.html.erb (32.2ms)
Completed 200 OK in 77ms (Views: 52.1ms | ActiveRecord: 0.0ms)



Started GET "/rails4//" for 18.111.82.181 at 2014-08-30 17:01:09 -0400
Processing by HomeController#index as HTML
  Rendered home/index.html.erb within layouts/application (69.2ms)
Completed 500 Internal Server Error in 144ms

ActionView::Template::Error (undefined local variable or method `email' for #<#<Class:0x007f9560871048>:0x007f95608703c8>):
    22: </p><p>
    23: The process of signing up as a member of the MITSSS is free of charge. Membership is not limited to Singaporeans or MIT students; it is open to anyone with an interest in Singaporean culture. <%= link_to 'Register now!', join_url %>
    24: </p><p>
    25: The MITSSS committee can be contacted by <%= mail_to email, 'email' %> or through <%= link_to 'facebook', facebook %>. 
    26: </p>
  app/views/home/index.html.erb:25:in `_app_views_home_index_html_erb__1285242850910454094_13326920'


  Rendered /usr/share/gems/gems/actionpack-4.0.0/lib/action_dispatch/middleware/templates/rescues/_trace.erb (1.1ms)
  Rendered /usr/share/gems/gems/actionpack-4.0.0/lib/action_dispatch/middleware/templates/rescues/_request_and_response.erb (0.8ms)
  Rendered /usr/share/gems/gems/actionpack-4.0.0/lib/action_dispatch/middleware/templates/rescues/template_error.erb within rescues/layout (16.8ms)


Started GET "/rails4//" for 18.111.82.181 at 2014-08-30 17:03:49 -0400
Processing by HomeController#index as HTML
  Rendered home/index.html.erb within layouts/application (32.0ms)
Completed 200 OK in 1111ms (Views: 1088.8ms | ActiveRecord: 0.0ms)


Started GET "/rails4//assets/application.css?body=1" for 18.111.82.181 at 2014-08-30 17:03:50 -0400


Started GET "/rails4//assets/application.js?body=1" for 18.111.82.181 at 2014-08-30 17:03:50 -0400


Started GET "/rails4//assets/turbolinks.js?body=1" for 18.111.82.181 at 2014-08-30 17:03:51 -0400


Started GET "/rails4//assets/jquery_ujs.js?body=1" for 18.111.82.181 at 2014-08-30 17:04:19 -0400


Started GET "/rails4//assets/admin.js?body=1" for 18.111.82.181 at 2014-08-30 17:04:19 -0400


Started GET "/rails4//assets/jquery.js?body=1" for 18.111.82.181 at 2014-08-30 17:04:20 -0400


Started GET "/rails4//assets/home.js?body=1" for 18.111.82.181 at 2014-08-30 17:04:22 -0400


Started GET "/rails4//images/main1.jpg" for 18.111.82.181 at 2014-08-30 17:04:24 -0400


Started GET "/rails4//images/main2.jpg" for 18.111.82.181 at 2014-08-30 17:04:24 -0400

ActionController::RoutingError (No route matches [GET] "/images/main1.jpg"):
  actionpack (4.0.0) lib/action_dispatch/middleware/debug_exceptions.rb:21:in `call'
  actionpack (4.0.0) lib/action_dispatch/middleware/show_exceptions.rb:30:in `call'
  railties (4.0.0) lib/rails/rack/logger.rb:38:in `call_app'
  railties (4.0.0) lib/rails/rack/logger.rb:21:in `block in call'
  activesupport (4.0.0) lib/active_support/tagged_logging.rb:67:in `block in tagged'
  activesupport (4.0.0) lib/active_support/tagged_logging.rb:25:in `tagged'
  activesupport (4.0.0) lib/active_support/tagged_logging.rb:67:in `tagged'
  railties (4.0.0) lib/rails/rack/logger.rb:21:in `call'
  actionpack (4.0.0) lib/action_dispatch/middleware/request_id.rb:21:in `call'
  rack (1.5.2) lib/rack/methodoverride.rb:21:in `call'
  rack (1.5.2) lib/rack/runtime.rb:17:in `call'
  activesupport (4.0.0) lib/active_support/cache/strategy/local_cache.rb:83:in `call'
  rack (1.5.2) lib/rack/lock.rb:17:in `call'
  actionpack (4.0.0) lib/action_dispatch/middleware/static.rb:64:in `call'
  railties (4.0.0) lib/rails/engine.rb:511:in `call'
  railties (4.0.0) lib/rails/application.rb:97:in `call'
  railties (4.0.0) lib/rails/railtie/configurable.rb:30:in `method_missing'
  rack (1.5.2) lib/rack/urlmap.rb:65:in `block in call'
  rack (1.5.2) lib/rack/urlmap.rb:50:in `each'
  rack (1.5.2) lib/rack/urlmap.rb:50:in `call'
  dispatch.fcgi:19:in `call'
  rack (1.5.2) lib/rack/handler/fastcgi.rb:66:in `serve'
  rack (1.5.2) lib/rack/handler/fastcgi.rb:28:in `block in run'
  rack (1.5.2) lib/rack/handler/fastcgi.rb:27:in `each'
  rack (1.5.2) lib/rack/handler/fastcgi.rb:27:in `run'
  dispatch.fcgi:28:in `block in <main>'




Started GET "/rails4//images/main5.jpg" for 18.111.82.181 at 2014-08-30 17:04:24 -0400


Started GET "/rails4//images/main4.jpg" for 18.111.82.181 at 2014-08-30 17:04:24 -0400


Started GET "/rails4//images/main3.jpg" for 18.111.82.181 at 2014-08-30 17:04:24 -0400

ActionController::RoutingError (No route matches [GET] "/images/main2.jpg"):
  actionpack (4.0.0) lib/action_dispatch/middleware/debug_exceptions.rb:21:in `call'
  actionpack (4.0.0) lib/action_dispatch/middleware/show_exceptions.rb:30:in `call'
  railties (4.0.0) lib/rails/rack/logger.rb:38:in `call_app'
  railties (4.0.0) lib/rails/rack/logger.rb:21:in `block in call'
  activesupport (4.0.0) lib/active_support/tagged_logging.rb:67:in `block in tagged'
  activesupport (4.0.0) lib/active_support/tagged_logging.rb:25:in `tagged'
  activesupport (4.0.0) lib/active_support/tagged_logging.rb:67:in `tagged'
  railties (4.0.0) lib/rails/rack/logger.rb:21:in `call'
  actionpack (4.0.0) lib/action_dispatch/middleware/request_id.rb:21:in `call'
  rack (1.5.2) lib/rack/methodoverride.rb:21:in `call'
  rack (1.5.2) lib/rack/runtime.rb:17:in `call'
  activesupport (4.0.0) lib/active_support/cache/strategy/local_cache.rb:83:in `call'
  rack (1.5.2) lib/rack/lock.rb:17:in `call'
  actionpack (4.0.0) lib/action_dispatch/middleware/static.rb:64:in `call'
  railties (4.0.0) lib/rails/engine.rb:511:in `call'
  railties (4.0.0) lib/rails/application.rb:97:in `call'
  railties (4.0.0) lib/rails/railtie/configurable.rb:30:in `method_missing'
  rack (1.5.2) lib/rack/urlmap.rb:65:in `block in call'
  rack (1.5.2) lib/rack/urlmap.rb:50:in `each'
  rack (1.5.2) lib/rack/urlmap.rb:50:in `call'
  dispatch.fcgi:19:in `call'
  rack (1.5.2) lib/rack/handler/fastcgi.rb:66:in `serve'
  rack (1.5.2) lib/rack/handler/fastcgi.rb:28:in `block in run'
  rack (1.5.2) lib/rack/handler/fastcgi.rb:27:in `each'
  rack (1.5.2) lib/rack/handler/fastcgi.rb:27:in `run'
  dispatch.fcgi:28:in `block in <main>'



ActionController::RoutingError (No route matches [GET] "/images/main5.jpg"):
  actionpack (4.0.0) lib/action_dispatch/middleware/debug_exceptions.rb:21:in `call'
  actionpack (4.0.0) lib/action_dispatch/middleware/show_exceptions.rb:30:in `call'
  railties (4.0.0) lib/rails/rack/logger.rb:38:in `call_app'
  railties (4.0.0) lib/rails/rack/logger.rb:21:in `block in call'
  activesupport (4.0.0) lib/active_support/tagged_logging.rb:67:in `block in tagged'
  activesupport (4.0.0) lib/active_support/tagged_logging.rb:25:in `tagged'
  activesupport (4.0.0) lib/active_support/tagged_logging.rb:67:in `tagged'
  railties (4.0.0) lib/rails/rack/logger.rb:21:in `call'
  actionpack (4.0.0) lib/action_dispatch/middleware/request_id.rb:21:in `call'
  rack (1.5.2) lib/rack/methodoverride.rb:21:in `call'
  rack (1.5.2) lib/rack/runtime.rb:17:in `call'
  activesupport (4.0.0) lib/active_support/cache/strategy/local_cache.rb:83:in `call'
  rack (1.5.2) lib/rack/lock.rb:17:in `call'
  actionpack (4.0.0) lib/action_dispatch/middleware/static.rb:64:in `call'
  railties (4.0.0) lib/rails/engine.rb:511:in `call'
  railties (4.0.0) lib/rails/application.rb:97:in `call'
  railties (4.0.0) lib/rails/railtie/configurable.rb:30:in `method_missing'
  rack (1.5.2) lib/rack/urlmap.rb:65:in `block in call'
  rack (1.5.2) lib/rack/urlmap.rb:50:in `each'
  rack (1.5.2) lib/rack/urlmap.rb:50:in `call'
  dispatch.fcgi:19:in `call'
  rack (1.5.2) lib/rack/handler/fastcgi.rb:66:in `serve'
  rack (1.5.2) lib/rack/handler/fastcgi.rb:28:in `block in run'
  rack (1.5.2) lib/rack/handler/fastcgi.rb:27:in `each'
  rack (1.5.2) lib/rack/handler/fastcgi.rb:27:in `run'
  dispatch.fcgi:28:in `block in <main>'



ActionController::RoutingError (No route matches [GET] "/images/main4.jpg"):
  actionpack (4.0.0) lib/action_dispatch/middleware/debug_exceptions.rb:21:in `call'
  actionpack (4.0.0) lib/action_dispatch/middleware/show_exceptions.rb:30:in `call'
  railties (4.0.0) lib/rails/rack/logger.rb:38:in `call_app'
  railties (4.0.0) lib/rails/rack/logger.rb:21:in `block in call'
  activesupport (4.0.0) lib/active_support/tagged_logging.rb:67:in `block in tagged'
  activesupport (4.0.0) lib/active_support/tagged_logging.rb:25:in `tagged'
  activesupport (4.0.0) lib/active_support/tagged_logging.rb:67:in `tagged'
  railties (4.0.0) lib/rails/rack/logger.rb:21:in `call'
  actionpack (4.0.0) lib/action_dispatch/middleware/request_id.rb:21:in `call'
  rack (1.5.2) lib/rack/methodoverride.rb:21:in `call'
  rack (1.5.2) lib/rack/runtime.rb:17:in `call'
  activesupport (4.0.0) lib/active_support/cache/strategy/local_cache.rb:83:in `call'
  rack (1.5.2) lib/rack/lock.rb:17:in `call'
  actionpack (4.0.0) lib/action_dispatch/middleware/static.rb:64:in `call'
  railties (4.0.0) lib/rails/engine.rb:511:in `call'
  railties (4.0.0) lib/rails/application.rb:97:in `call'
  railties (4.0.0) lib/rails/railtie/configurable.rb:30:in `method_missing'
  rack (1.5.2) lib/rack/urlmap.rb:65:in `block in call'
  rack (1.5.2) lib/rack/urlmap.rb:50:in `each'
  rack (1.5.2) lib/rack/urlmap.rb:50:in `call'
  dispatch.fcgi:19:in `call'
  rack (1.5.2) lib/rack/handler/fastcgi.rb:66:in `serve'
  rack (1.5.2) lib/rack/handler/fastcgi.rb:28:in `block in run'
  rack (1.5.2) lib/rack/handler/fastcgi.rb:27:in `each'
  rack (1.5.2) lib/rack/handler/fastcgi.rb:27:in `run'
  dispatch.fcgi:28:in `block in <main>'



ActionController::RoutingError (No route matches [GET] "/images/main3.jpg"):
  actionpack (4.0.0) lib/action_dispatch/middleware/debug_exceptions.rb:21:in `call'
  actionpack (4.0.0) lib/action_dispatch/middleware/show_exceptions.rb:30:in `call'
  railties (4.0.0) lib/rails/rack/logger.rb:38:in `call_app'
  railties (4.0.0) lib/rails/rack/logger.rb:21:in `block in call'
  activesupport (4.0.0) lib/active_support/tagged_logging.rb:67:in `block in tagged'
  activesupport (4.0.0) lib/active_support/tagged_logging.rb:25:in `tagged'
  activesupport (4.0.0) lib/active_support/tagged_logging.rb:67:in `tagged'
  railties (4.0.0) lib/rails/rack/logger.rb:21:in `call'
  actionpack (4.0.0) lib/action_dispatch/middleware/request_id.rb:21:in `call'
  rack (1.5.2) lib/rack/methodoverride.rb:21:in `call'
  rack (1.5.2) lib/rack/runtime.rb:17:in `call'
  activesupport (4.0.0) lib/active_support/cache/strategy/local_cache.rb:83:in `call'
  rack (1.5.2) lib/rack/lock.rb:17:in `call'
  actionpack (4.0.0) lib/action_dispatch/middleware/static.rb:64:in `call'
  railties (4.0.0) lib/rails/engine.rb:511:in `call'
  railties (4.0.0) lib/rails/application.rb:97:in `call'
  railties (4.0.0) lib/rails/railtie/configurable.rb:30:in `method_missing'
  rack (1.5.2) lib/rack/urlmap.rb:65:in `block in call'
  rack (1.5.2) lib/rack/urlmap.rb:50:in `each'
  rack (1.5.2) lib/rack/urlmap.rb:50:in `call'
  dispatch.fcgi:19:in `call'
  rack (1.5.2) lib/rack/handler/fastcgi.rb:66:in `serve'
  rack (1.5.2) lib/rack/handler/fastcgi.rb:28:in `block in run'
  rack (1.5.2) lib/rack/handler/fastcgi.rb:27:in `each'
  rack (1.5.2) lib/rack/handler/fastcgi.rb:27:in `run'
  dispatch.fcgi:28:in `block in <main>'


  Rendered /usr/share/gems/gems/actionpack-4.0.0/lib/action_dispatch/middleware/templates/rescues/_trace.erb (1.0ms)
  Rendered /usr/share/gems/gems/actionpack-4.0.0/lib/action_dispatch/middleware/templates/routes/_route.html.erb (1.1ms)
  Rendered /usr/share/gems/gems/actionpack-4.0.0/lib/action_dispatch/middleware/templates/rescues/_trace.erb (1.1ms)
  Rendered /usr/share/gems/gems/actionpack-4.0.0/lib/action_dispatch/middleware/templates/rescues/_trace.erb (1.0ms)
  Rendered /usr/share/gems/gems/actionpack-4.0.0/lib/action_dispatch/middleware/templates/rescues/_trace.erb (1.0ms)
  Rendered /usr/share/gems/gems/actionpack-4.0.0/lib/action_dispatch/middleware/templates/routes/_table.html.erb (70.9ms)
  Rendered /usr/share/gems/gems/actionpack-4.0.0/lib/action_dispatch/middleware/templates/rescues/routing_error.erb within rescues/layout (138.0ms)
  Rendered /usr/share/gems/gems/actionpack-4.0.0/lib/action_dispatch/middleware/templates/rescues/_trace.erb (1.1ms)
  Rendered /usr/share/gems/gems/actionpack-4.0.0/lib/action_dispatch/middleware/templates/routes/_route.html.erb (1.1ms)
  Rendered /usr/share/gems/gems/actionpack-4.0.0/lib/action_dispatch/middleware/templates/routes/_route.html.erb (1.1ms)
  Rendered /usr/share/gems/gems/actionpack-4.0.0/lib/action_dispatch/middleware/templates/routes/_table.html.erb (12.9ms)
  Rendered /usr/share/gems/gems/actionpack-4.0.0/lib/action_dispatch/middleware/templates/rescues/routing_error.erb within rescues/layout (90.2ms)
  Rendered /usr/share/gems/gems/actionpack-4.0.0/lib/action_dispatch/middleware/templates/routes/_route.html.erb (1.0ms)
  Rendered /usr/share/gems/gems/actionpack-4.0.0/lib/action_dispatch/middleware/templates/routes/_route.html.erb (1.0ms)
  Rendered /usr/share/gems/gems/actionpack-4.0.0/lib/action_dispatch/middleware/templates/routes/_table.html.erb (18.6ms)
  Rendered /usr/share/gems/gems/actionpack-4.0.0/lib/action_dispatch/middleware/templates/rescues/routing_error.erb within rescues/layout (60.0ms)
  Rendered /usr/share/gems/gems/actionpack-4.0.0/lib/action_dispatch/middleware/templates/routes/_table.html.erb (33.5ms)
  Rendered /usr/share/gems/gems/actionpack-4.0.0/lib/action_dispatch/middleware/templates/rescues/routing_error.erb within rescues/layout (120.7ms)
  Rendered /usr/share/gems/gems/actionpack-4.0.0/lib/action_dispatch/middleware/templates/routes/_table.html.erb (31.3ms)
  Rendered /usr/share/gems/gems/actionpack-4.0.0/lib/action_dispatch/middleware/templates/rescues/routing_error.erb within rescues/layout (131.4ms)


Started GET "/rails4//" for 18.111.82.181 at 2014-08-30 17:06:41 -0400
Processing by HomeController#index as HTML
  Rendered home/index.html.erb within layouts/application (33.5ms)
Completed 200 OK in 163ms (Views: 139.0ms | ActiveRecord: 0.0ms)


Started GET "/rails4//assets/application.css?body=1" for 18.111.82.181 at 2014-08-30 17:06:41 -0400


Started GET "/rails4//assets/admin.js?body=1" for 18.111.82.181 at 2014-08-30 17:06:41 -0400





Started GET "/rails4//" for 18.111.82.181 at 2014-08-30 17:11:42 -0400
Processing by HomeController#index as HTML
  Rendered home/index.html.erb within layouts/application (43.6ms)
Completed 200 OK in 171ms (Views: 148.5ms | ActiveRecord: 0.0ms)


Started GET "/rails4//stylesheets/all.css" for 18.111.82.181 at 2014-08-30 17:11:43 -0400

ActionController::RoutingError (No route matches [GET] "/stylesheets/all.css"):
  actionpack (4.0.0) lib/action_dispatch/middleware/debug_exceptions.rb:21:in `call'
  actionpack (4.0.0) lib/action_dispatch/middleware/show_exceptions.rb:30:in `call'
  railties (4.0.0) lib/rails/rack/logger.rb:38:in `call_app'
  railties (4.0.0) lib/rails/rack/logger.rb:21:in `block in call'
  activesupport (4.0.0) lib/active_support/tagged_logging.rb:67:in `block in tagged'
  activesupport (4.0.0) lib/active_support/tagged_logging.rb:25:in `tagged'
  activesupport (4.0.0) lib/active_support/tagged_logging.rb:67:in `tagged'
  railties (4.0.0) lib/rails/rack/logger.rb:21:in `call'
  actionpack (4.0.0) lib/action_dispatch/middleware/request_id.rb:21:in `call'
  rack (1.5.2) lib/rack/methodoverride.rb:21:in `call'
  rack (1.5.2) lib/rack/runtime.rb:17:in `call'
  activesupport (4.0.0) lib/active_support/cache/strategy/local_cache.rb:83:in `call'
  rack (1.5.2) lib/rack/lock.rb:17:in `call'
  actionpack (4.0.0) lib/action_dispatch/middleware/static.rb:64:in `call'
  railties (4.0.0) lib/rails/engine.rb:511:in `call'
  railties (4.0.0) lib/rails/application.rb:97:in `call'
  railties (4.0.0) lib/rails/railtie/configurable.rb:30:in `method_missing'
  rack (1.5.2) lib/rack/urlmap.rb:65:in `block in call'
  rack (1.5.2) lib/rack/urlmap.rb:50:in `each'
  rack (1.5.2) lib/rack/urlmap.rb:50:in `call'
  dispatch.fcgi:19:in `call'
  rack (1.5.2) lib/rack/handler/fastcgi.rb:66:in `serve'
  rack (1.5.2) lib/rack/handler/fastcgi.rb:28:in `block in run'
  rack (1.5.2) lib/rack/handler/fastcgi.rb:27:in `each'
  rack (1.5.2) lib/rack/handler/fastcgi.rb:27:in `run'
  dispatch.fcgi:28:in `block in <main>'


  Rendered /usr/share/gems/gems/actionpack-4.0.0/lib/action_dispatch/middleware/templates/rescues/_trace.erb (1.0ms)
  Rendered /usr/share/gems/gems/actionpack-4.0.0/lib/action_dispatch/middleware/templates/routes/_route.html.erb (0.9ms)
  Rendered /usr/share/gems/gems/actionpack-4.0.0/lib/action_dispatch/middleware/templates/routes/_table.html.erb (19.5ms)
  Rendered /usr/share/gems/gems/actionpack-4.0.0/lib/action_dispatch/middleware/templates/rescues/routing_error.erb within rescues/layout (39.0ms)


Started GET "/rails4//" for 18.111.82.181 at 2014-08-30 17:14:22 -0400


Started GET "/rails4//" for 18.111.82.181 at 2014-08-30 17:15:33 -0400
Processing by HomeController#index as HTML
  Rendered home/index.html.erb within layouts/application (120.0ms)
Completed 200 OK in 237ms (Views: 214.0ms | ActiveRecord: 0.0ms)


Started GET "/rails4//assets/main2.jpg" for 18.111.82.181 at 2014-08-30 17:15:33 -0400


Started GET "/rails4//assets/main1.jpg" for 18.111.82.181 at 2014-08-30 17:15:34 -0400


Started GET "/rails4//assets/main5.jpg" for 18.111.82.181 at 2014-08-30 17:15:34 -0400


Started GET "/rails4//assets/main4.jpg" for 18.111.82.181 at 2014-08-30 17:15:50 -0400


Started GET "/rails4//assets/main3.jpg" for 18.111.82.181 at 2014-08-30 17:15:50 -0400


Started GET "/rails4//stylesheets/all.css" for 18.111.82.181 at 2014-08-30 17:15:50 -0400

ActionController::RoutingError (No route matches [GET] "/stylesheets/all.css"):
  actionpack (4.0.0) lib/action_dispatch/middleware/debug_exceptions.rb:21:in `call'
  actionpack (4.0.0) lib/action_dispatch/middleware/show_exceptions.rb:30:in `call'
  railties (4.0.0) lib/rails/rack/logger.rb:38:in `call_app'
  railties (4.0.0) lib/rails/rack/logger.rb:21:in `block in call'
  activesupport (4.0.0) lib/active_support/tagged_logging.rb:67:in `block in tagged'
  activesupport (4.0.0) lib/active_support/tagged_logging.rb:25:in `tagged'
  activesupport (4.0.0) lib/active_support/tagged_logging.rb:67:in `tagged'
  railties (4.0.0) lib/rails/rack/logger.rb:21:in `call'
  actionpack (4.0.0) lib/action_dispatch/middleware/request_id.rb:21:in `call'
  rack (1.5.2) lib/rack/methodoverride.rb:21:in `call'
  rack (1.5.2) lib/rack/runtime.rb:17:in `call'
  activesupport (4.0.0) lib/active_support/cache/strategy/local_cache.rb:83:in `call'
  rack (1.5.2) lib/rack/lock.rb:17:in `call'
  actionpack (4.0.0) lib/action_dispatch/middleware/static.rb:64:in `call'
  railties (4.0.0) lib/rails/engine.rb:511:in `call'
  railties (4.0.0) lib/rails/application.rb:97:in `call'
  railties (4.0.0) lib/rails/railtie/configurable.rb:30:in `method_missing'
  rack (1.5.2) lib/rack/urlmap.rb:65:in `block in call'
  rack (1.5.2) lib/rack/urlmap.rb:50:in `each'
  rack (1.5.2) lib/rack/urlmap.rb:50:in `call'
  dispatch.fcgi:19:in `call'
  rack (1.5.2) lib/rack/handler/fastcgi.rb:66:in `serve'
  rack (1.5.2) lib/rack/handler/fastcgi.rb:28:in `block in run'
  rack (1.5.2) lib/rack/handler/fastcgi.rb:27:in `each'
  rack (1.5.2) lib/rack/handler/fastcgi.rb:27:in `run'
  dispatch.fcgi:28:in `block in <main>'


  Rendered /usr/share/gems/gems/actionpack-4.0.0/lib/action_dispatch/middleware/templates/rescues/_trace.erb (1.1ms)
  Rendered /usr/share/gems/gems/actionpack-4.0.0/lib/action_dispatch/middleware/templates/routes/_route.html.erb (1.1ms)
  Rendered /usr/share/gems/gems/actionpack-4.0.0/lib/action_dispatch/middleware/templates/routes/_table.html.erb (14.8ms)
  Rendered /usr/share/gems/gems/actionpack-4.0.0/lib/action_dispatch/middleware/templates/rescues/routing_error.erb within rescues/layout (62.9ms)


Started GET "/rails4//assets/favicon.ico" for 18.111.82.181 at 2014-08-30 17:15:53 -0400


Started GET "/" for 18.111.82.181 at 2014-08-30 17:34:54 -0400
Processing by HomeController#index as HTML
  Rendered home/index.html.erb within layouts/application (44.2ms)
Completed 200 OK in 118ms (Views: 84.8ms | ActiveRecord: 0.0ms)


Started GET "/" for 18.111.82.181 at 2014-08-30 17:39:15 -0400
Processing by HomeController#index as HTML
  Rendered home/index.html.erb within layouts/application (4.6ms)
Completed 200 OK in 89ms (Views: 66.6ms | ActiveRecord: 0.0ms)


Started GET "/" for 18.111.82.181 at 2014-08-30 17:44:55 -0400
Processing by HomeController#index as HTML
  Rendered home/index.html.erb within layouts/application (26.6ms)
Completed 200 OK in 100ms (Views: 80.8ms | ActiveRecord: 0.0ms)


Started GET "/" for 66.249.83.18 at 2014-08-30 17:45:17 -0400
Processing by HomeController#index as HTML
  Rendered home/index.html.erb within layouts/application (25.3ms)
Completed 200 OK in 45ms (Views: 45.1ms | ActiveRecord: 0.0ms)


Started GET "/" for 18.111.82.181 at 2014-08-30 17:46:14 -0400
Processing by HomeController#index as HTML
  Rendered home/index.html.erb within layouts/application (25.4ms)
Completed 200 OK in 46ms (Views: 45.0ms | ActiveRecord: 0.0ms)


Started GET "/" for 18.111.82.181 at 2014-08-30 17:46:27 -0400
Processing by HomeController#index as HTML
  Rendered home/index.html.erb within layouts/application (28.2ms)
Completed 200 OK in 101ms (Views: 81.0ms | ActiveRecord: 0.0ms)


Started GET "/" for 18.111.82.181 at 2014-08-30 17:51:13 -0400
Processing by HomeController#index as HTML
  Rendered home/index.html.erb within layouts/application (25.4ms)
Completed 200 OK in 47ms (Views: 46.5ms | ActiveRecord: 0.0ms)


Started GET "/" for 18.111.82.181 at 2014-08-30 17:56:41 -0400
Processing by HomeController#index as HTML
  Rendered home/index.html.erb within layouts/application (27.4ms)
Completed 200 OK in 104ms (Views: 83.9ms | ActiveRecord: 0.0ms)


Started GET "/assets/stylesheets" for 18.111.82.181 at 2014-08-30 18:02:36 -0400

ActionController::RoutingError (No route matches [GET] "/assets/stylesheets"):
  actionpack (4.0.0) lib/action_dispatch/middleware/debug_exceptions.rb:21:in `call'
  actionpack (4.0.0) lib/action_dispatch/middleware/show_exceptions.rb:30:in `call'
  railties (4.0.0) lib/rails/rack/logger.rb:38:in `call_app'
  railties (4.0.0) lib/rails/rack/logger.rb:21:in `block in call'
  activesupport (4.0.0) lib/active_support/tagged_logging.rb:67:in `block in tagged'
  activesupport (4.0.0) lib/active_support/tagged_logging.rb:25:in `tagged'
  activesupport (4.0.0) lib/active_support/tagged_logging.rb:67:in `tagged'
  railties (4.0.0) lib/rails/rack/logger.rb:21:in `call'
  actionpack (4.0.0) lib/action_dispatch/middleware/request_id.rb:21:in `call'
  rack (1.5.2) lib/rack/methodoverride.rb:21:in `call'
  rack (1.5.2) lib/rack/runtime.rb:17:in `call'
  activesupport (4.0.0) lib/active_support/cache/strategy/local_cache.rb:83:in `call'
  rack (1.5.2) lib/rack/lock.rb:17:in `call'
  actionpack (4.0.0) lib/action_dispatch/middleware/static.rb:64:in `call'
  railties (4.0.0) lib/rails/engine.rb:511:in `call'
  railties (4.0.0) lib/rails/application.rb:97:in `call'
  rack (1.5.2) lib/rack/lock.rb:17:in `call'
  rack (1.5.2) lib/rack/content_length.rb:14:in `call'
  rack (1.5.2) lib/rack/handler/webrick.rb:60:in `service'
  /usr/share/ruby/webrick/httpserver.rb:138:in `service'
  /usr/share/ruby/webrick/httpserver.rb:94:in `run'
  /usr/share/ruby/webrick/server.rb:295:in `block in start_thread'


  Rendered /usr/share/gems/gems/actionpack-4.0.0/lib/action_dispatch/middleware/templates/rescues/_trace.erb (0.9ms)
  Rendered /usr/share/gems/gems/actionpack-4.0.0/lib/action_dispatch/middleware/templates/routes/_route.html.erb (1.0ms)
  Rendered /usr/share/gems/gems/actionpack-4.0.0/lib/action_dispatch/middleware/templates/routes/_table.html.erb (20.4ms)
  Rendered /usr/share/gems/gems/actionpack-4.0.0/lib/action_dispatch/middleware/templates/rescues/routing_error.erb within rescues/layout (75.9ms)


Started GET "/" for 18.111.82.181 at 2014-08-30 18:02:39 -0400
Processing by HomeController#index as HTML
  Rendered home/index.html.erb within layouts/application (32.0ms)
Completed 200 OK in 78ms (Views: 56.5ms | ActiveRecord: 0.0ms)


Started GET "/" for 18.111.82.181 at 2014-08-30 18:02:40 -0400
Processing by HomeController#index as HTML
  Rendered home/index.html.erb within layouts/application (28.3ms)
Completed 200 OK in 45ms (Views: 44.0ms | ActiveRecord: 0.0ms)


Started GET "/assets/stylesheets/application.css" for 18.111.82.181 at 2014-08-30 18:03:37 -0400

ActionController::RoutingError (No route matches [GET] "/assets/stylesheets/application.css"):
  actionpack (4.0.0) lib/action_dispatch/middleware/debug_exceptions.rb:21:in `call'
  actionpack (4.0.0) lib/action_dispatch/middleware/show_exceptions.rb:30:in `call'
  railties (4.0.0) lib/rails/rack/logger.rb:38:in `call_app'
  railties (4.0.0) lib/rails/rack/logger.rb:21:in `block in call'
  activesupport (4.0.0) lib/active_support/tagged_logging.rb:67:in `block in tagged'
  activesupport (4.0.0) lib/active_support/tagged_logging.rb:25:in `tagged'
  activesupport (4.0.0) lib/active_support/tagged_logging.rb:67:in `tagged'
  railties (4.0.0) lib/rails/rack/logger.rb:21:in `call'
  actionpack (4.0.0) lib/action_dispatch/middleware/request_id.rb:21:in `call'
  rack (1.5.2) lib/rack/methodoverride.rb:21:in `call'
  rack (1.5.2) lib/rack/runtime.rb:17:in `call'
  activesupport (4.0.0) lib/active_support/cache/strategy/local_cache.rb:83:in `call'
  rack (1.5.2) lib/rack/lock.rb:17:in `call'
  actionpack (4.0.0) lib/action_dispatch/middleware/static.rb:64:in `call'
  railties (4.0.0) lib/rails/engine.rb:511:in `call'
  railties (4.0.0) lib/rails/application.rb:97:in `call'
  rack (1.5.2) lib/rack/lock.rb:17:in `call'
  rack (1.5.2) lib/rack/content_length.rb:14:in `call'
  rack (1.5.2) lib/rack/handler/webrick.rb:60:in `service'
  /usr/share/ruby/webrick/httpserver.rb:138:in `service'
  /usr/share/ruby/webrick/httpserver.rb:94:in `run'
  /usr/share/ruby/webrick/server.rb:295:in `block in start_thread'


  Rendered /usr/share/gems/gems/actionpack-4.0.0/lib/action_dispatch/middleware/templates/rescues/_trace.erb (0.9ms)
  Rendered /usr/share/gems/gems/actionpack-4.0.0/lib/action_dispatch/middleware/templates/routes/_route.html.erb (0.9ms)
  Rendered /usr/share/gems/gems/actionpack-4.0.0/lib/action_dispatch/middleware/templates/routes/_table.html.erb (1.0ms)
  Rendered /usr/share/gems/gems/actionpack-4.0.0/lib/action_dispatch/middleware/templates/rescues/routing_error.erb within rescues/layout (13.2ms)


Started GET "/" for 18.111.82.181 at 2014-08-30 18:03:46 -0400
Processing by HomeController#index as HTML
  Rendered home/index.html.erb within layouts/application (31.1ms)
Completed 200 OK in 47ms (Views: 46.0ms | ActiveRecord: 0.0ms)


Started GET "/" for 18.111.82.181 at 2014-08-30 18:09:39 -0400
Processing by HomeController#index as HTML
  Rendered home/index.html.erb within layouts/application (30.7ms)
Completed 200 OK in 261ms (Views: 239.9ms | ActiveRecord: 0.0ms)


Started GET "/" for 18.111.82.181 at 2014-08-30 18:11:21 -0400
Processing by HomeController#index as HTML
  Rendered home/index.html.erb within layouts/application (28.6ms)
Completed 200 OK in 46ms (Views: 45.0ms | ActiveRecord: 0.0ms)


Started GET "/" for 18.111.82.181 at 2014-08-30 18:11:26 -0400
Processing by HomeController#index as HTML
  Rendered home/index.html.erb within layouts/application (29.5ms)
Completed 200 OK in 47ms (Views: 46.5ms | ActiveRecord: 0.0ms)


Started GET "/" for 18.111.82.181 at 2014-08-30 18:11:40 -0400
Processing by HomeController#index as HTML
  Rendered home/index.html.erb within layouts/application (32.9ms)
Completed 200 OK in 119ms (Views: 97.8ms | ActiveRecord: 0.0ms)


Started GET "/assets/admin.css?body=1" for 18.111.82.181 at 2014-08-30 18:11:40 -0400


Started GET "/assets/application.css?body=1" for 18.111.82.181 at 2014-08-30 18:11:40 -0400


Started GET "/assets/home.css?body=1" for 18.111.82.181 at 2014-08-30 18:11:40 -0400


Started GET "/about" for 18.111.82.181 at 2014-08-30 18:12:29 -0400
Processing by HomeController#about as HTML
Completed 500 Internal Server Error in 3ms

NameError (uninitialized constant HomeController::CurrentCommittee):
  app/controllers/home_controller.rb:8:in `about'


  Rendered /usr/share/gems/gems/actionpack-4.0.0/lib/action_dispatch/middleware/templates/rescues/_source.erb (0.6ms)
  Rendered /usr/share/gems/gems/actionpack-4.0.0/lib/action_dispatch/middleware/templates/rescues/_trace.erb (1.8ms)
  Rendered /usr/share/gems/gems/actionpack-4.0.0/lib/action_dispatch/middleware/templates/rescues/_request_and_response.erb (0.9ms)
  Rendered /usr/share/gems/gems/actionpack-4.0.0/lib/action_dispatch/middleware/templates/rescues/diagnostics.erb within rescues/layout (20.5ms)


Started GET "/join" for 18.111.82.181 at 2014-08-30 18:12:32 -0400
Processing by AdminController#join as HTML
  Rendered admin/join.html.erb within layouts/application (0.5ms)
Completed 200 OK in 25ms (Views: 23.9ms | ActiveRecord: 0.0ms)


Started GET "/assets/application.css?body=1" for 18.111.82.181 at 2014-08-30 18:12:32 -0400


Started GET "/" for 18.111.82.181 at 2014-08-30 18:21:19 -0400
Processing by HomeController#index as HTML
  Rendered home/index.html.erb within layouts/application (31.6ms)
Completed 200 OK in 92ms (Views: 69.9ms | ActiveRecord: 0.0ms)


Started GET "/assets/home.css?body=1" for 18.111.82.181 at 2014-08-30 18:21:20 -0400


Started GET "/assets/admin.css?body=1" for 18.111.82.181 at 2014-08-30 18:21:20 -0400


Started GET "/assets/application.css?body=1" for 18.111.82.181 at 2014-08-30 18:21:20 -0400


Started GET "/" for 18.111.82.181 at 2014-08-30 18:23:39 -0400
Processing by HomeController#index as HTML
  Rendered home/index.html.erb within layouts/application (28.2ms)
Completed 200 OK in 45ms (Views: 44.2ms | ActiveRecord: 0.0ms)


Started GET "/assets/application.css?body=1" for 18.111.82.181 at 2014-08-30 18:23:39 -0400


Started GET "/join" for 18.111.82.181 at 2014-08-30 18:23:42 -0400
Processing by AdminController#join as HTML
  Rendered admin/join.html.erb within layouts/application (0.5ms)
Completed 200 OK in 19ms (Views: 17.9ms | ActiveRecord: 0.0ms)


Started GET "/assets/application.css?body=1" for 18.111.82.181 at 2014-08-30 18:23:43 -0400


Started GET "/home" for 18.111.82.181 at 2014-08-30 18:23:50 -0400
Processing by HomeController#index as HTML
  Rendered home/index.html.erb within layouts/application (28.2ms)
Completed 200 OK in 46ms (Views: 45.0ms | ActiveRecord: 0.0ms)


Started GET "/assets/application.css?body=1" for 18.111.82.181 at 2014-08-30 18:23:51 -0400


Started GET "/join" for 18.111.82.181 at 2014-08-30 18:23:54 -0400
Processing by AdminController#join as HTML
  Rendered admin/join.html.erb within layouts/application (0.1ms)
Completed 200 OK in 17ms (Views: 16.3ms | ActiveRecord: 0.0ms)


Started GET "/assets/application.css?body=1" for 18.111.82.181 at 2014-08-30 18:23:54 -0400


Started GET "//?m=201211" for 54.211.68.53 at 2014-08-30 18:25:37 -0400
Processing by HomeController#index as HTML
  Parameters: {"m"=>"201211"}
  Rendered home/index.html.erb within layouts/application (65.5ms)
Completed 200 OK in 232ms (Views: 210.8ms | ActiveRecord: 0.0ms)


Started GET "//" for 66.249.69.135 at 2014-08-30 18:26:06 -0400
Processing by HomeController#index as */*
  Rendered home/index.html.erb within layouts/application (38.1ms)
Completed 200 OK in 170ms (Views: 170.0ms | ActiveRecord: 0.0ms)


Started GET "/" for 18.111.82.181 at 2014-08-30 18:39:44 -0400

ActiveRecord::PendingMigrationError (Migrations are pending; run 'rake db:migrate RAILS_ENV=development' to resolve this issue.):
  activerecord (4.0.0) lib/active_record/migration.rb:379:in `check_pending!'
  activerecord (4.0.0) lib/active_record/migration.rb:366:in `call'
  actionpack (4.0.0) lib/action_dispatch/middleware/callbacks.rb:29:in `block in call'
  activesupport (4.0.0) lib/active_support/callbacks.rb:373:in `_run__71342982530446059__call__callbacks'
  activesupport (4.0.0) lib/active_support/callbacks.rb:80:in `run_callbacks'
  actionpack (4.0.0) lib/action_dispatch/middleware/callbacks.rb:27:in `call'
  actionpack (4.0.0) lib/action_dispatch/middleware/reloader.rb:64:in `call'
  actionpack (4.0.0) lib/action_dispatch/middleware/remote_ip.rb:76:in `call'
  actionpack (4.0.0) lib/action_dispatch/middleware/debug_exceptions.rb:17:in `call'
  actionpack (4.0.0) lib/action_dispatch/middleware/show_exceptions.rb:30:in `call'
  railties (4.0.0) lib/rails/rack/logger.rb:38:in `call_app'
  railties (4.0.0) lib/rails/rack/logger.rb:21:in `block in call'
  activesupport (4.0.0) lib/active_support/tagged_logging.rb:67:in `block in tagged'
  activesupport (4.0.0) lib/active_support/tagged_logging.rb:25:in `tagged'
  activesupport (4.0.0) lib/active_support/tagged_logging.rb:67:in `tagged'
  railties (4.0.0) lib/rails/rack/logger.rb:21:in `call'
  actionpack (4.0.0) lib/action_dispatch/middleware/request_id.rb:21:in `call'
  rack (1.5.2) lib/rack/methodoverride.rb:21:in `call'
  rack (1.5.2) lib/rack/runtime.rb:17:in `call'
  activesupport (4.0.0) lib/active_support/cache/strategy/local_cache.rb:83:in `call'
  rack (1.5.2) lib/rack/lock.rb:17:in `call'
  actionpack (4.0.0) lib/action_dispatch/middleware/static.rb:64:in `call'
  railties (4.0.0) lib/rails/engine.rb:511:in `call'
  railties (4.0.0) lib/rails/application.rb:97:in `call'
  rack (1.5.2) lib/rack/lock.rb:17:in `call'
  rack (1.5.2) lib/rack/content_length.rb:14:in `call'
  rack (1.5.2) lib/rack/handler/webrick.rb:60:in `service'
  /usr/share/ruby/webrick/httpserver.rb:138:in `service'
  /usr/share/ruby/webrick/httpserver.rb:94:in `run'
  /usr/share/ruby/webrick/server.rb:295:in `block in start_thread'


  Rendered /usr/share/gems/gems/actionpack-4.0.0/lib/action_dispatch/middleware/templates/rescues/_source.erb (0.5ms)
  Rendered /usr/share/gems/gems/actionpack-4.0.0/lib/action_dispatch/middleware/templates/rescues/_trace.erb (1.0ms)
  Rendered /usr/share/gems/gems/actionpack-4.0.0/lib/action_dispatch/middleware/templates/rescues/_request_and_response.erb (0.8ms)
  Rendered /usr/share/gems/gems/actionpack-4.0.0/lib/action_dispatch/middleware/templates/rescues/diagnostics.erb within rescues/layout (14.5ms)
  [1m[36m (581.7ms)[0m  [1mCREATE TABLE `schema_migrations` (`version` varchar(255) NOT NULL) ENGINE=InnoDB[0m
  [1m[35m (361.0ms)[0m  CREATE UNIQUE INDEX `unique_schema_migrations` ON `schema_migrations` (`version`) 
  [1m[36mActiveRecord::SchemaMigration Load (1.2ms)[0m  [1mSELECT `schema_migrations`.* FROM `schema_migrations`[0m
Migrating to CreateCommittees (20140830223723)
  [1m[35m (466.0ms)[0m  CREATE TABLE `committees` (`id` int(11) DEFAULT NULL auto_increment PRIMARY KEY, `year` int(11), `position` varchar(32) DEFAULT '', `name` varchar(32) DEFAULT '', `created_at` datetime, `updated_at` datetime) ENGINE=InnoDB
  [1m[36m (0.6ms)[0m  [1mBEGIN[0m
  [1m[35mSQL (0.7ms)[0m  INSERT INTO `schema_migrations` (`version`) VALUES ('20140830223723')
  [1m[36m (59.8ms)[0m  [1mCOMMIT[0m
Migrating to CreateCurrentCommittees (20140830223750)
  [1m[35m (90.5ms)[0m  CREATE TABLE `current_committees` (`id` int(11) DEFAULT NULL auto_increment PRIMARY KEY, `name` varchar(255), `description` text, `image` varchar(255), `created_at` datetime, `updated_at` datetime) ENGINE=InnoDB
  [1m[36m (0.8ms)[0m  [1mBEGIN[0m
  [1m[35mSQL (0.6ms)[0m  INSERT INTO `schema_migrations` (`version`) VALUES ('20140830223750')
  [1m[36m (31.5ms)[0m  [1mCOMMIT[0m
Migrating to CreateEvents (20140830223759)
  [1m[35m (77.3ms)[0m  CREATE TABLE `events` (`id` int(11) DEFAULT NULL auto_increment PRIMARY KEY, `name` varchar(255), `description` text, `image` varchar(255), `created_at` datetime, `updated_at` datetime) ENGINE=InnoDB
  [1m[36m (0.7ms)[0m  [1mBEGIN[0m
  [1m[35mSQL (0.7ms)[0m  INSERT INTO `schema_migrations` (`version`) VALUES ('20140830223759')
  [1m[36m (17.2ms)[0m  [1mCOMMIT[0m
  [1m[35mActiveRecord::SchemaMigration Load (0.7ms)[0m  SELECT `schema_migrations`.* FROM `schema_migrations`


Started GET "/" for 18.111.82.181 at 2014-08-30 18:43:07 -0400
  [1m[36mActiveRecord::SchemaMigration Load (0.9ms)[0m  [1mSELECT `schema_migrations`.* FROM `schema_migrations`[0m
Processing by HomeController#index as HTML
  Rendered home/index.html.erb within layouts/application (33.9ms)
Completed 200 OK in 92ms (Views: 71.3ms | ActiveRecord: 0.0ms)


Started GET "/assets/home.css?body=1" for 18.111.82.181 at 2014-08-30 18:43:07 -0400


Started GET "/assets/application.css?body=1" for 18.111.82.181 at 2014-08-30 18:43:07 -0400


Started GET "/assets/admin.css?body=1" for 18.111.82.181 at 2014-08-30 18:43:07 -0400


Started GET "/about" for 18.111.82.181 at 2014-08-30 18:43:08 -0400
Processing by HomeController#about as HTML
  [1m[35mCommittee Load (0.8ms)[0m  SELECT year, position, name FROM `committees`
  [1m[36mCurrentCommittee Load (0.8ms)[0m  [1mSELECT name, description, image FROM `current_committees`[0m
  Rendered home/about.html.erb within layouts/application (2.1ms)
Completed 200 OK in 30ms (Views: 20.4ms | ActiveRecord: 1.6ms)


Started GET "/assets/home.css?body=1" for 18.111.82.181 at 2014-08-30 18:43:08 -0400


Started GET "/assets/admin.css?body=1" for 18.111.82.181 at 2014-08-30 18:43:08 -0400


Started GET "/assets/application.css?body=1" for 18.111.82.181 at 2014-08-30 18:43:08 -0400


Started GET "/events" for 18.111.82.181 at 2014-08-30 18:43:09 -0400
Processing by HomeController#events as HTML
  [1m[35mEvent Load (0.9ms)[0m  SELECT name, description, image FROM `events`
  Rendered home/events.html.erb within layouts/application (2.0ms)
Completed 200 OK in 24ms (Views: 19.0ms | ActiveRecord: 0.9ms)


Started GET "/assets/admin.css?body=1" for 18.111.82.181 at 2014-08-30 18:43:09 -0400


Started GET "/assets/home.css?body=1" for 18.111.82.181 at 2014-08-30 18:43:09 -0400


Started GET "/assets/application.css?body=1" for 18.111.82.181 at 2014-08-30 18:43:09 -0400


Started GET "/home" for 18.111.82.181 at 2014-08-30 18:43:10 -0400
Processing by HomeController#index as HTML
  Rendered home/index.html.erb within layouts/application (27.8ms)
Completed 200 OK in 45ms (Views: 44.0ms | ActiveRecord: 0.0ms)


Started GET "/assets/admin.css?body=1" for 18.111.82.181 at 2014-08-30 18:43:10 -0400


Started GET "/assets/home.css?body=1" for 18.111.82.181 at 2014-08-30 18:43:10 -0400


Started GET "/assets/application.css?body=1" for 18.111.82.181 at 2014-08-30 18:43:10 -0400


Started GET "/join" for 18.111.82.181 at 2014-08-30 18:43:11 -0400
Processing by AdminController#join as HTML
  Rendered admin/join.html.erb within layouts/application (0.5ms)
Completed 200 OK in 19ms (Views: 17.7ms | ActiveRecord: 0.0ms)


Started GET "/assets/application.css?body=1" for 18.111.82.181 at 2014-08-30 18:43:11 -0400


Started GET "/assets/admin.css?body=1" for 18.111.82.181 at 2014-08-30 18:43:11 -0400


Started GET "/assets/home.css?body=1" for 18.111.82.181 at 2014-08-30 18:43:11 -0400


Started GET "/home" for 18.111.82.181 at 2014-08-30 18:43:12 -0400
Processing by HomeController#index as HTML
  Rendered home/index.html.erb within layouts/application (28.2ms)
Completed 200 OK in 45ms (Views: 44.1ms | ActiveRecord: 0.0ms)


Started GET "/assets/home.css?body=1" for 18.111.82.181 at 2014-08-30 18:43:12 -0400


Started GET "/assets/application.css?body=1" for 18.111.82.181 at 2014-08-30 18:43:12 -0400


Started GET "/assets/admin.css?body=1" for 18.111.82.181 at 2014-08-30 18:43:12 -0400


Started GET "/" for 18.111.82.181 at 2014-08-30 18:47:20 -0400
  [1m[36mActiveRecord::SchemaMigration Load (0.8ms)[0m  [1mSELECT `schema_migrations`.* FROM `schema_migrations`[0m
Processing by HomeController#index as HTML
  Rendered home/index.html.erb within layouts/application (31.9ms)
Completed 200 OK in 93ms (Views: 70.5ms | ActiveRecord: 0.0ms)


Started GET "/assets/admin.css?body=1" for 18.111.82.181 at 2014-08-30 18:47:20 -0400


Started GET "/assets/home.css?body=1" for 18.111.82.181 at 2014-08-30 18:47:20 -0400


Started GET "/assets/application.css?body=1" for 18.111.82.181 at 2014-08-30 18:47:20 -0400


Started GET "/about" for 18.111.82.

Started GET "//assets/home.css?body=1" for 18.111.82.181 at 2014-08-30 19:01:20 -0400


Started GET "//" for 18.111.82.181 at 2014-08-30 19:01:23 -0400
Processing by HomeController#index as HTML
  Rendered home/index.html.erb within layouts/application (30.5ms)
Completed 200 OK in 50ms (Views: 48.9ms | ActiveRecord: 0.0ms)


Started GET "//about" for 18.111.82.181 at 2014-08-30 19:01:25 -0400
Processing by HomeController#about as HTML
  [1m[36mCommittee Load (1.1ms)[0m  [1mSELECT year, position, name FROM `committees`[0m
  [1m[35mCurrentCommittee Load (1.0ms)[0m  SELECT name, description, image FROM `current_committees`
  Rendered home/about.html.erb within layouts/application (38.3ms)
Completed 200 OK in 149ms (Views: 55.1ms | ActiveRecord: 25.3ms)


Started GET "//events" for 18.111.82.181 at 2014-08-30 19:01:26 -0400
Processing by HomeController#events as HTML
  [1m[36mEvent Load (1.0ms)[0m  [1mSELECT name, description, image FROM `events`[0m
  Rendered home/events.html.erb within layouts/application (61.0ms)
Completed 200 OK in 87ms (Views: 76.9ms | ActiveRecord: 3.9ms)


Started GET "//join" for 18.111.82.181 at 2014-08-30 19:01:27 -0400
Processing by AdminController#join as HTML
  Rendered admin/join.html.erb within layouts/application (0.5ms)
Completed 200 OK in 25ms (Views: 24.4ms | ActiveRecord: 0.0ms)


Started GET "//home" for 18.111.82.181 at 2014-08-30 19:01:30 -0400
Processing by HomeController#index as HTML
  Rendered home/index.html.erb within layouts/application (54.8ms)
Completed 200 OK in 73ms (Views: 72.4ms | ActiveRecord: 0.0ms)


Started GET "//about" for 18.111.82.181 at 2014-08-30 19:01:31 -0400
Processing by HomeController#about as HTML
  [1m[35mCommittee Load (1.1ms)[0m  SELECT year, position, name FROM `committees`
  [1m[36mCurrentCommittee Load (0.9ms)[0m  [1mSELECT name, description, image FROM `current_committees`[0m
  Rendered home/about.html.erb within layouts/application (20.4ms)
Completed 200 OK in 65ms (Views: 38.1ms | ActiveRecord: 2.0ms)


Started GET "//events" for 18.111.82.181 at 2014-08-30 19:01:31 -0400
Processing by HomeController#events as HTML
  [1m[35mEvent Load (1.0ms)[0m  SELECT name, description, image FROM `events`
  Rendered home/events.html.erb within layouts/application (19.1ms)
Completed 200 OK in 38ms (Views: 36.2ms | ActiveRecord: 1.0ms)


Started GET "//join" for 18.111.82.181 at 2014-08-30 19:01:32 -0400
Processing by AdminController#join as HTML
  Rendered admin/join.html.erb within layouts/application (0.0ms)
Completed 200 OK in 23ms (Views: 22.7ms | ActiveRecord: 0.0ms)


Started GET "//home" for 18.111.82.181 at 2014-08-30 19:01:32 -0400
Processing by HomeController#index as HTML
  Rendered home/index.html.erb within layouts/application (54.8ms)
Completed 200 OK in 73ms (Views: 72.8ms | ActiveRecord: 0.0ms)


Started GET "//about" for 18.111.82.181 at 2014-08-30 19:01:35 -0400
Processing by HomeController#about as HTML
  [1m[36mCommittee Load (4.3ms)[0m  [1mSELECT year, position, name FROM `committees`[0m
  [1m[35mCurrentCommittee Load (5.9ms)[0m  SELECT name, description, image FROM `current_committees`
  Rendered home/about.html.erb within layouts/application (25.2ms)
Completed 200 OK in 73ms (Views: 59.6ms | ActiveRecord: 10.1ms)


Started GET "//events" for 18.111.82.181 at 2014-08-30 19:01:35 -0400
Processing by HomeController#events as HTML
  [1m[36mEvent Load (27.3ms)[0m  [1mSELECT name, description, image FROM `events`[0m
  Rendered home/events.html.erb within layouts/application (45.5ms)
Completed 200 OK in 64ms (Views: 36.3ms | ActiveRecord: 27.3ms)


Started GET "//join" for 18.111.82.181 at 2014-08-30 19:01:36 -0400
Processing by AdminController#join as HTML
  Rendered admin/join.html.erb within layouts/application (0.0ms)
Completed 200 OK in 19ms (Views: 18.8ms | ActiveRecord: 0.0ms)


Started GET "//events" for 18.111.82.181 at 2014-08-30 19:01:37 -0400
Processing by HomeController#events as HTML
  [1m[35mEvent Load (0.9ms)[0m  SELECT name, description, image FROM `events`
  Rendered home/events.html.erb within layouts/application (42.0ms)
Completed 200 OK in 61ms (Views: 59.5ms | ActiveRecord: 0.9ms)


Started GET "//about" for 18.111.82.181 at 2014-08-30 19:01:37 -0400
Processing by HomeController#about as HTML
  [1m[36mCommittee Load (1.1ms)[0m  [1mSELECT year, position, name FROM `committees`[0m
  [1m[35mCurrentCommittee Load (0.9ms)[0m  SELECT name, description, image FROM `current_committees`
  Rendered home/about.html.erb within layouts/application (20.0ms)
Completed 200 OK in 42ms (Views: 37.1ms | ActiveRecord: 2.0ms)


Started GET "//" for 18.111.82.181 at 2014-08-30 19:01:40 -0400
Processing by HomeController#index as HTML
  Rendered home/index.html.erb within layouts/application (54.3ms)
Completed 200 OK in 74ms (Views: 73.1ms | ActiveRecord: 0.0ms)


Started GET "//" for 18.111.82.181 at 2014-08-30 19:01:40 -0400
Processing by HomeController#index as HTML
  Rendered home/index.html.erb within layouts/application (53.5ms)
Completed 200 OK in 72ms (Views: 71.3ms | ActiveRecord: 0.0ms)


Started GET "//" for 18.111.82.181 at 2014-08-30 19:02:05 -0400
Processing by HomeController#index as HTML
  Rendered home/index.html.erb within layouts/application (32.0ms)
Completed 200 OK in 73ms (Views: 72.6ms | ActiveRecord: 0.0ms)


Started GET "//assets/admin.css?body=1" for 18.111.82.181 at 2014-08-30 19:02:05 -0400


Started GET "//assets/home.css?body=1" for 18.111.82.181 at 2014-08-30 19:02:05 -0400


Started GET "//" for 18.111.82.181 at 2014-08-30 19:02:05 -0400
Processing by HomeController#index as HTML
  Rendered home/index.html.erb within layouts/application (31.9ms)
Completed 200 OK in 52ms (Views: 50.6ms | ActiveRecord: 0.0ms)


Started GET "//assets/admin.css?body=1" for 18.111.82.181 at 2014-08-30 19:02:05 -0400


Started GET "//assets/application.css?body=1" for 18.111.82.181 at 2014-08-30 19:02:05 -0400


Started GET "//assets/home.css?body=1" for 18.111.82.181 at 2014-08-30 19:02:05 -0400


Started GET "//assets/application.css?body=1" for 18.111.82.181 at 2014-08-30 19:02:06 -0400


Started GET "//about" for 18.111.82.181 at 2014-08-30 19:02:07 -0400
Processing by HomeController#about as HTML
  [1m[36mCommittee Load (1.3ms)[0m  [1mSELECT year, position, name FROM `committees`[0m
  [1m[35mCurrentCommittee Load (0.8ms)[0m  SELECT name, description, image FROM `current_committees`
  Rendered home/about.html.erb within layouts/application (44.0ms)
Completed 200 OK in 121ms (Views: 60.0ms | ActiveRecord: 7.9ms)


Started GET "//about/constitution" for 18.111.82.181 at 2014-08-30 19:02:11 -0400
Processing by HomeController#constitution as HTML
  Rendered home/constitution.html.erb within layouts/application (0.6ms)
Completed 200 OK in 53ms (Views: 52.0ms | ActiveRecord: 0.0ms)


Started GET "//about" for 18.111.82.181 at 2014-08-30 19:02:13 -0400
Processing by HomeController#about as HTML
  [1m[36mCommittee Load (1.0ms)[0m  [1mSELECT year, position, name FROM `committees`[0m
  [1m[35mCurrentCommittee Load (0.9ms)[0m  SELECT name, description, image FROM `current_committees`
  Rendered home/about.html.erb within layouts/application (21.0ms)
Completed 200 OK in 45ms (Views: 39.3ms | ActiveRecord: 1.9ms)


Started GET "//join" for 18.111.82.181 at 2014-08-30 19:02:14 -0400
Processing by AdminController#join as HTML
  Rendered admin/join.html.erb within layouts/application (0.5ms)
Completed 200 OK in 22ms (Views: 20.6ms | ActiveRecord: 0.0ms)


Started GET "//join" for 18.111.82.181 at 2014-08-30 19:06:13 -0400
Processing by AdminController#join as HTML
  Rendered admin/join.html.erb within layouts/application (0.1ms)
Completed 200 OK in 22ms (Views: 21.5ms | ActiveRecord: 0.0ms)


Started GET "//" for 18.111.82.181 at 2014-08-30 19:09:38 -0400
Processing by HomeController#index as HTML
  Rendered home/index.html.erb within layouts/application (61.0ms)
Completed 200 OK in 92ms (Views: 91.4ms | ActiveRecord: 0.0ms)


Started GET "//assets/application.css?body=1" for 18.111.82.181 at 2014-08-30 19:09:38 -0400


Started GET "//about" for 18.111.82.181 at 2014-08-30 19:14:57 -0400
Processing by HomeController#about as HTML
  [1m[36mCommittee Load (1.1ms)[0m  [1mSELECT year, position, name FROM `committees`[0m
  [1m[35mCurrentCommittee Load (1.0ms)[0m  SELECT name, description, image FROM `current_committees`
  Rendered home/about.html.erb within layouts/application (26.5ms)
Completed 200 OK in 56ms (Views: 50.9ms | ActiveRecord: 2.0ms)


Started GET "//assets/application.css?body=1" for 18.111.82.181 at 2014-08-30 19:14:57 -0400


Started GET "//assets/admin.css?body=1" for 18.111.82.181 at 2014-08-30 19:14:58 -0400


Started GET "//about" for 18.111.82.181 at 2014-08-30 19:14:59 -0400
Processing by HomeController#about as HTML
  [1m[36mCommittee Load (1.0ms)[0m  [1mSELECT year, position, name FROM `committees`[0m
  [1m[35mCurrentCommittee Load (0.9ms)[0m  SELECT name, description, image FROM `current_committees`
  Rendered home/about.html.erb within layouts/application (88.6ms)
Completed 200 OK in 135ms (Views: 130.0ms | ActiveRecord: 1.9ms)


Started GET "//assets/home.css?body=1" for 18.111.82.181 at 2014-08-30 19:14:59 -0400


Started GET "//assets/admin.css?body=1" for 18.111.82.181 at 2014-08-30 19:15:00 -0400


Started GET "//about" for 18.111.82.181 at 2014-08-30 19:15:00 -0400
Processing by HomeController#about as HTML
  [1m[36mCommittee Load (1.0ms)[0m  [1mSELECT year, position, name FROM `committees`[0m
  [1m[35mCurrentCommittee Load (0.9ms)[0m  SELECT name, description, image FROM `current_committees`
  Rendered home/about.html.erb within layouts/application (26.8ms)
Completed 200 OK in 67ms (Views: 62.2ms | ActiveRecord: 2.0ms)


Started GET "//assets/home.css?body=1" for 18.111.82.181 at 2014-08-30 19:15:00 -0400


Started GET "//assets/application.css?body=1" for 18.111.82.181 at 2014-08-30 19:15:01 -0400


Started GET "//" for 18.111.82.181 at 2014-08-30 19:15:02 -0400
Processing by HomeController#index as HTML
  Rendered home/index.html.erb within layouts/application (119.1ms)
Completed 200 OK in 304ms (Views: 303.8ms | ActiveRecord: 0.0ms)


Started GET "//" for 18.111.82.181 at 2014-08-30 19:15:03 -0400
Processing by HomeController#index as HTML
  Rendered home/index.html.erb within layouts/application (152.7ms)
Completed 200 OK in 263ms (Views: 262.9ms | ActiveRecord: 0.0ms)


Started GET "//assets/admin.css?body=1" for 18.111.82.181 at 2014-08-30 19:15:04 -0400


Started GET "//assets/home.css?body=1" for 18.111.82.181 at 2014-08-30 19:15:05 -0400


Started GET "//" for 18.111.82.181 at 2014-08-30 19:15:06 -0400
Processing by HomeController#index as HTML
  Rendered home/index.html.erb within layouts/application (220.6ms)
Completed 200 OK in 408ms (Views: 407.1ms | ActiveRecord: 0.0ms)


Started GET "//assets/home.css?body=1" for 18.111.82.181 at 2014-08-30 19:15:06 -0400


Started GET "//assets/application.css?body=1" for 18.111.82.181 at 2014-08-30 19:15:06 -0400


Started GET "//assets/home.css?body=1" for 18.111.82.181 at 2014-08-30 19:15:07 -0400


Started GET "//" for 18.111.82.181 at 2014-08-30 19:15:08 -0400
Processing by HomeController#index as HTML
  Rendered home/index.html.erb within layouts/application (182.4ms)
Completed 200 OK in 328ms (Views: 327.3ms | ActiveRecord: 0.0ms)


Started GET "//" for 18.111.82.181 at 2014-08-30 19:15:09 -0400
Processing by HomeController#index as HTML
  Rendered home/index.html.erb within layouts/application (209.2ms)
Completed 200 OK in 341ms (Views: 340.7ms | ActiveRecord: 0.0ms)


Started GET "//" for 18.111.82.181 at 2014-08-30 19:15:10 -0400
Processing by HomeController#index as HTML
  Rendered home/index.html.erb within layouts/application (133.3ms)
Completed 200 OK in 317ms (Views: 316.5ms | ActiveRecord: 0.0ms)


Started GET "//" for 18.111.82.181 at 2014-08-30 19:15:12 -0400
Processing by HomeController#index as HTML
  Rendered home/index.html.erb within layouts/application (210.0ms)
Completed 200 OK in 439ms (Views: 438.4ms | ActiveRecord: 0.0ms)


Started GET "//" for 18.111.82.181 at 2014-08-30 19:15:13 -0400
Processing by HomeController#index as HTML
  Rendered home/index.html.erb within layouts/application (147.0ms)
Completed 200 OK in 301ms (Views: 300.5ms | ActiveRecord: 0.0ms)


Started GET "//assets/application.css?body=1" for 18.111.82.181 at 2014-08-30 19:15:16 -0400


Started GET "//" for 18.111.82.181 at 2014-08-30 19:15:17 -0400
Processing by HomeController#index as HTML
  Rendered home/index.html.erb within layouts/application (123.3ms)
Completed 200 OK in 226ms (Views: 225.1ms | ActiveRecord: 0.0ms)


Started GET "//assets/admin.css?body=1" for 18.111.82.181 at 2014-08-30 19:15:18 -0400


Started GET "//assets/application.css?body=1" for 18.111.82.181 at 2014-08-30 19:15:18 -0400


Started GET "//assets/home.css?body=1" for 18.111.82.181 at 2014-08-30 19:15:19 -0400


Started GET "//assets/admin.css?body=1" for 18.111.82.181 at 2014-08-30 19:15:19 -0400


Started GET "//assets/application.css?body=1" for 18.111.82.181 at 2014-08-30 19:15:21 -0400


Started GET "//assets/admin.css?body=1" for 18.111.82.181 at 2014-08-30 19:15:22 -0400


Started GET "//" for 18.111.82.181 at 2014-08-30 19:15:26 -0400
Processing by HomeController#index as HTML
  Rendered home/index.html.erb within layouts/application (60.0ms)
Completed 200 OK in 261ms (Views: 188.3ms | ActiveRecord: 0.0ms)


Started GET "//assets/admin.css?body=1" for 18.111.82.181 at 2014-08-30 19:15:26 -0400


Started GET "//assets/home.css?body=1" for 18.111.82.181 at 2014-08-30 19:15:26 -0400


Started GET "//assets/application.css?body=1" for 18.111.82.181 at 2014-08-30 19:15:26 -0400


Started GET "//about" for 18.111.82.181 at 2014-08-30 19:15:28 -0400
Processing by HomeController#about as HTML
  [1m[36mCommittee Load (1.0ms)[0m  [1mSELECT year, position, name FROM `committees`[0m
  [1m[35mCurrentCommittee Load (0.8ms)[0m  SELECT name, description, image FROM `current_committees`
  Rendered home/about.html.erb within layouts/application (53.4ms)
Completed 200 OK in 127ms (Views: 90.2ms | ActiveRecord: 7.7ms)


Started GET "//assets/admin.css?body=1" for 18.111.82.181 at 2014-08-30 19:15:28 -0400


Started GET "//assets/application.css?body=1" for 18.111.82.181 at 2014-08-30 19:15:28 -0400


Started GET "//assets/home.css?body=1" for 18.111.82.181 at 2014-08-30 19:15:28 -0400


Started GET "//events" for 18.111.82.181 at 2014-08-30 19:15:29 -0400
Processing by HomeController#events as HTML
  [1m[36mEvent Load (1.0ms)[0m  [1mSELECT name, description, image FROM `events`[0m
  Rendered home/events.html.erb within layouts/application (19.6ms)
Completed 200 OK in 61ms (Views: 59.8ms | ActiveRecord: 1.0ms)


Started GET "//assets/home.css?body=1" for 18.111.82.181 at 2014-08-30 19:15:29 -0400


Started GET "//assets/application.css?body=1" for 18.111.82.181 at 2014-08-30 19:15:29 -0400


Started GET "//assets/admin.css?body=1" for 18.111.82.181 at 2014-08-30 19:15:29 -0400


Started GET "//join" for 18.111.82.181 at 2014-08-30 19:15:32 -0400
Processing by AdminController#join as HTML
  Rendered admin/join.html.erb within layouts/application (0.5ms)
Completed 200 OK in 21ms (Views: 19.9ms | ActiveRecord: 0.0ms)


Started GET "//assets/application.css?body=1" for 18.111.82.181 at 2014-08-30 19:15:32 -0400


Started GET "//assets/admin.css?body=1" for 18.111.82.181 at 2014-08-30 19:15:32 -0400


Started GET "//assets/home.css?body=1" for 18.111.82.181 at 2014-08-30 19:15:32 -0400


Started GET "//" for 93.160.60.22 at 2014-08-30 19:49:05 -0400
Processing by HomeController#index as */*
  Rendered home/index.html.erb within layouts/application (39.9ms)
Completed 200 OK in 210ms (Views: 185.8ms | ActiveRecord: 0.0ms)


Started GET "//" for 65.96.174.155 at 2014-08-30 21:01:57 -0400
Processing by HomeController#index as HTML
  Rendered home/index.html.erb within layouts/application (34.1ms)
Completed 200 OK in 184ms (Views: 162.6ms | ActiveRecord: 0.0ms)


Started GET "//assets/home.css?body=1" for 65.96.174.155 at 2014-08-30 21:01:58 -0400


Started GET "//assets/application.css?body=1" for 65.96.174.155 at 2014-08-30 21:01:59 -0400


Started GET "//assets/admin.css?body=1" for 65.96.174.155 at 2014-08-30 21:02:03 -0400


Started GET "//about" for 65.96.174.155 at 2014-08-30 21:04:58 -0400
Processing by HomeController#about as HTML
  [1m[36mCommittee Load (4.3ms)[0m  [1mSELECT year, position, name FROM `committees`[0m
  [1m[35mCurrentCommittee Load (1.0ms)[0m  SELECT name, description, image FROM `current_committees`
  Rendered home/about.html.erb within layouts/application (49.9ms)
Completed 200 OK in 224ms (Views: 126.6ms | ActiveRecord: 11.6ms)


Started GET "//assets/admin.css?body=1" for 65.96.174.155 at 2014-08-30 21:04:58 -0400


Started GET "//assets/home.css?body=1" for 65.96.174.155 at 2014-08-30 21:04:58 -0400


Started GET "//assets/application.css?body=1" for 65.96.174.155 at 2014-08-30 21:04:59 -0400


Started GET "//events" for 65.96.174.155 at 2014-08-30 21:05:03 -0400
Processing by HomeController#events as HTML
  [1m[36mEvent Load (1.1ms)[0m  [1mSELECT name, description, image FROM `events`[0m
  Rendered home/events.html.erb within layouts/application (41.4ms)
Completed 200 OK in 72ms (Views: 61.9ms | ActiveRecord: 3.7ms)


Started GET "//assets/admin.css?body=1" for 65.96.174.155 at 2014-08-30 21:05:03 -0400


Started GET "//assets/application.css?body=1" for 65.96.174.155 at 2014-08-30 21:05:03 -0400


Started GET "//assets/home.css?body=1" for 65.96.174.155 at 2014-08-30 21:05:04 -0400


Started GET "//join" for 65.96.174.155 at 2014-08-30 21:05:10 -0400
Processing by AdminController#join as HTML
  Rendered admin/join.html.erb within layouts/application (0.5ms)
Completed 200 OK in 40ms (Views: 39.2ms | ActiveRecord: 0.0ms)


Started GET "//assets/home.css?body=1" for 65.96.174.155 at 2014-08-30 21:05:10 -0400


Started GET "//assets/application.css?body=1" for 65.96.174.155 at 2014-08-30 21:05:10 -0400


Started GET "//assets/admin.css?body=1" for 65.96.174.155 at 2014-08-30 21:05:11 -0400


Started GET "//about" for 65.96.174.155 at 2014-08-30 21:05:16 -0400
Processing by HomeController#about as HTML
  [1m[35mCommittee Load (1.2ms)[0m  SELECT year, position, name FROM `committees`
  [1m[36mCurrentCommittee Load (0.9ms)[0m  [1mSELECT name, description, image FROM `current_committees`[0m
  Rendered home/about.html.erb within layouts/application (40.9ms)
Completed 200 OK in 125ms (Views: 67.8ms | ActiveRecord: 9.6ms)


Started GET "//assets/home.css?body=1" for 65.96.174.155 at 2014-08-30 21:05:17 -0400


Started GET "//assets/admin.css?body=1" for 65.96.174.155 at 2014-08-30 21:05:17 -0400


Started GET "//assets/application.css?body=1" for 65.96.174.155 at 2014-08-30 21:05:18 -0400


Started GET "//about/constitution" for 65.96.174.155 at 2014-08-30 21:05:19 -0400
Processing by HomeController#constitution as HTML
  Rendered home/constitution.html.erb within layouts/application (0.5ms)
Completed 200 OK in 52ms (Views: 51.8ms | ActiveRecord: 0.0ms)


Started GET "//assets/home.css?body=1" for 65.96.174.155 at 2014-08-30 21:05:19 -0400


Started GET "//assets/admin.css?body=1" for 65.96.174.155 at 2014-08-30 21:05:19 -0400


Started GET "//assets/application.css?body=1" for 65.96.174.155 at 2014-08-30 21:05:20 -0400


Started GET "//home" for 65.96.174.155 at 2014-08-30 21:05:25 -0400
Processing by HomeController#index as HTML
  Rendered home/index.html.erb within layouts/application (56.3ms)
Completed 200 OK in 75ms (Views: 74.8ms | ActiveRecord: 0.0ms)


Started GET "//assets/application.css?body=1" for 65.96.174.155 at 2014-08-30 21:05:26 -0400


Started GET "//assets/admin.css?body=1" for 65.96.174.155 at 2014-08-30 21:05:26 -0400


Started GET "//assets/home.css?body=1" for 65.96.174.155 at 2014-08-30 21:05:27 -0400


Started GET "//" for 66.249.83.45 at 2014-08-30 21:51:04 -0400
Processing by HomeController#index as HTML
  Rendered home/index.html.erb within layouts/application (35.2ms)
Completed 200 OK in 121ms (Views: 100.4ms | ActiveRecord: 0.0ms)


Started GET "//wp-includes/wlwmanifest.xml" for 178.255.215.87 at 2014-08-30 22:08:10 -0400

ActionController::RoutingError (No route matches [GET] "/wp-includes/wlwmanifest.xml"):
  actionpack (4.0.0) lib/action_dispatch/middleware/debug_exceptions.rb:21:in `call'
  actionpack (4.0.0) lib/action_dispatch/middleware/show_exceptions.rb:30:in `call'
  railties (4.0.0) lib/rails/rack/logger.rb:38:in `call_app'
  railties (4.0.0) lib/rails/rack/logger.rb:21:in `block in call'
  activesupport (4.0.0) lib/active_support/tagged_logging.rb:67:in `block in tagged'
  activesupport (4.0.0) lib/active_support/tagged_logging.rb:25:in `tagged'
  activesupport (4.0.0) lib/active_support/tagged_logging.rb:67:in `tagged'
  railties (4.0.0) lib/rails/rack/logger.rb:21:in `call'
  actionpack (4.0.0) lib/action_dispatch/middleware/request_id.rb:21:in `call'
  rack (1.5.2) lib/rack/methodoverride.rb:21:in `call'
  rack (1.5.2) lib/rack/runtime.rb:17:in `call'
  activesupport (4.0.0) lib/active_support/cache/strategy/local_cache.rb:83:in `call'
  rack (1.5.2) lib/rack/lock.rb:17:in `call'
  actionpack (4.0.0) lib/action_dispatch/middleware/static.rb:64:in `call'
  railties (4.0.0) lib/rails/engine.rb:511:in `call'
  railties (4.0.0) lib/rails/application.rb:97:in `call'
  railties (4.0.0) lib/rails/railtie/configurable.rb:30:in `method_missing'
  rack (1.5.2) lib/rack/urlmap.rb:65:in `block in call'
  rack (1.5.2) lib/rack/urlmap.rb:50:in `each'
  rack (1.5.2) lib/rack/urlmap.rb:50:in `call'
  dispatch.fcgi:19:in `call'
  rack (1.5.2) lib/rack/handler/fastcgi.rb:66:in `serve'
  rack (1.5.2) lib/rack/handler/fastcgi.rb:28:in `block in run'
  rack (1.5.2) lib/rack/handler/fastcgi.rb:27:in `each'
  rack (1.5.2) lib/rack/handler/fastcgi.rb:27:in `run'
  dispatch.fcgi:28:in `block in <main>'


  Rendered /usr/share/gems/gems/actionpack-4.0.0/lib/action_dispatch/middleware/templates/rescues/_trace.erb (0.9ms)
  Rendered /usr/share/gems/gems/actionpack-4.0.0/lib/action_dispatch/middleware/templates/routes/_route.html.erb (29.1ms)
  Rendered /usr/share/gems/gems/actionpack-4.0.0/lib/action_dispatch/middleware/templates/routes/_table.html.erb (20.6ms)
  Rendered /usr/share/gems/gems/actionpack-4.0.0/lib/action_dispatch/middleware/templates/rescues/routing_error.erb within rescues/layout (83.6ms)


Started GET "//" for 18.95.7.209 at 2014-08-30 22:52:33 -0400
Processing by HomeController#index as HTML
  Rendered home/index.html.erb within layouts/application (40.9ms)
Completed 200 OK in 218ms (Views: 190.2ms | ActiveRecord: 0.0ms)


Started GET "//assets/admin.css?body=1" for 18.95.7.209 at 2014-08-30 22:52:34 -0400


Started GET "//assets/home.css?body=1" for 18.95.7.209 at 2014-08-30 22:52:35 -0400


Started GET "//assets/application.css?body=1" for 18.95.7.209 at 2014-08-30 22:52:41 -0400


Started GET "//about" for 18.95.7.209 at 2014-08-30 22:52:47 -0400
Processing by HomeController#about as HTML
  [1m[36mCommittee Load (1.2ms)[0m  [1mSELECT year, position, name FROM `committees`[0m
  [1m[35mCurrentCommittee Load (1.0ms)[0m  SELECT name, description, image FROM `current_committees`
  Rendered home/about.html.erb within layouts/application (44.3ms)
Completed 200 OK in 115ms (Views: 66.3ms | ActiveRecord: 9.1ms)


Started GET "//events" for 18.95.7.209 at 2014-08-30 22:52:58 -0400
Processing by HomeController#events as HTML
  [1m[36mEvent Load (1.0ms)[0m  [1mSELECT name, description, image FROM `events`[0m
  Rendered home/events.html.erb within layouts/application (75.9ms)
Completed 200 OK in 207ms (Views: 152.1ms | ActiveRecord: 21.9ms)


Started GET "//stylesheets/admin.css?1378229086" for 66.249.69.135 at 2014-08-30 23:36:13 -0400

ActionController::RoutingError (No route matches [GET] "/stylesheets/admin.css"):
  actionpack (4.0.0) lib/action_dispatch/middleware/debug_exceptions.rb:21:in `call'
  actionpack (4.0.0) lib/action_dispatch/middleware/show_exceptions.rb:30:in `call'
  railties (4.0.0) lib/rails/rack/logger.rb:38:in `call_app'
  railties (4.0.0) lib/rails/rack/logger.rb:21:in `block in call'
  activesupport (4.0.0) lib/active_support/tagged_logging.rb:67:in `block in tagged'
  activesupport (4.0.0) lib/active_support/tagged_logging.rb:25:in `tagged'
  activesupport (4.0.0) lib/active_support/tagged_logging.rb:67:in `tagged'
  railties (4.0.0) lib/rails/rack/logger.rb:21:in `call'
  actionpack (4.0.0) lib/action_dispatch/middleware/request_id.rb:21:in `call'
  rack (1.5.2) lib/rack/methodoverride.rb:21:in `call'
  rack (1.5.2) lib/rack/runtime.rb:17:in `call'
  activesupport (4.0.0) lib/active_support/cache/strategy/local_cache.rb:83:in `call'
  rack (1.5.2) lib/rack/lock.rb:17:in `call'
  actionpack (4.0.0) lib/action_dispatch/middleware/static.rb:64:in `call'
  railties (4.0.0) lib/rails/engine.rb:511:in `call'
  railties (4.0.0) lib/rails/application.rb:97:in `call'
  railties (4.0.0) lib/rails/railtie/configurable.rb:30:in `method_missing'
  rack (1.5.2) lib/rack/urlmap.rb:65:in `block in call'
  rack (1.5.2) lib/rack/urlmap.rb:50:in `each'
  rack (1.5.2) lib/rack/urlmap.rb:50:in `call'
  dispatch.fcgi:19:in `call'
  rack (1.5.2) lib/rack/handler/fastcgi.rb:66:in `serve'
  rack (1.5.2) lib/rack/handler/fastcgi.rb:28:in `block in run'
  rack (1.5.2) lib/rack/handler/fastcgi.rb:27:in `each'
  rack (1.5.2) lib/rack/handler/fastcgi.rb:27:in `run'
  dispatch.fcgi:28:in `block in <main>'


  Rendered /usr/share/gems/gems/actionpack-4.0.0/lib/action_dispatch/middleware/templates/rescues/_trace.erb (2.0ms)
  Rendered /usr/share/gems/gems/actionpack-4.0.0/lib/action_dispatch/middleware/templates/routes/_route.html.erb (26.5ms)
  Rendered /usr/share/gems/gems/actionpack-4.0.0/lib/action_dispatch/middleware/templates/routes/_table.html.erb (13.0ms)
  Rendered /usr/share/gems/gems/actionpack-4.0.0/lib/action_dispatch/middleware/templates/rescues/routing_error.erb within rescues/layout (61.7ms)


Started GET "//stylesheets/application.css?1378317155" for 66.249.69.135 at 2014-08-30 23:36:30 -0400

ActionController::RoutingError (No route matches [GET] "/stylesheets/application.css"):
  actionpack (4.0.0) lib/action_dispatch/middleware/debug_exceptions.rb:21:in `call'
  actionpack (4.0.0) lib/action_dispatch/middleware/show_exceptions.rb:30:in `call'
  railties (4.0.0) lib/rails/rack/logger.rb:38:in `call_app'
  railties (4.0.0) lib/rails/rack/logger.rb:21:in `block in call'
  activesupport (4.0.0) lib/active_support/tagged_logging.rb:67:in `block in tagged'
  activesupport (4.0.0) lib/active_support/tagged_logging.rb:25:in `tagged'
  activesupport (4.0.0) lib/active_support/tagged_logging.rb:67:in `tagged'
  railties (4.0.0) lib/rails/rack/logger.rb:21:in `call'
  actionpack (4.0.0) lib/action_dispatch/middleware/request_id.rb:21:in `call'
  rack (1.5.2) lib/rack/methodoverride.rb:21:in `call'
  rack (1.5.2) lib/rack/runtime.rb:17:in `call'
  activesupport (4.0.0) lib/active_support/cache/strategy/local_cache.rb:83:in `call'
  rack (1.5.2) lib/rack/lock.rb:17:in `call'
  actionpack (4.0.0) lib/action_dispatch/middleware/static.rb:64:in `call'
  railties (4.0.0) lib/rails/engine.rb:511:in `call'
  railties (4.0.0) lib/rails/application.rb:97:in `call'
  railties (4.0.0) lib/rails/railtie/configurable.rb:30:in `method_missing'
  rack (1.5.2) lib/rack/urlmap.rb:65:in `block in call'
  rack (1.5.2) lib/rack/urlmap.rb:50:in `each'
  rack (1.5.2) lib/rack/urlmap.rb:50:in `call'
  dispatch.fcgi:19:in `call'
  rack (1.5.2) lib/rack/handler/fastcgi.rb:66:in `serve'
  rack (1.5.2) lib/rack/handler/fastcgi.rb:28:in `block in run'
  rack (1.5.2) lib/rack/handler/fastcgi.rb:27:in `each'
  rack (1.5.2) lib/rack/handler/fastcgi.rb:27:in `run'
  dispatch.fcgi:28:in `block in <main>'


  Rendered /usr/share/gems/gems/actionpack-4.0.0/lib/action_dispatch/middleware/templates/rescues/_trace.erb (0.9ms)
  Rendered /usr/share/gems/gems/actionpack-4.0.0/lib/action_dispatch/middleware/templates/routes/_route.html.erb (0.9ms)
  Rendered /usr/share/gems/gems/actionpack-4.0.0/lib/action_dispatch/middleware/templates/routes/_table.html.erb (0.9ms)
  Rendered /usr/share/gems/gems/actionpack-4.0.0/lib/action_dispatch/middleware/templates/rescues/routing_error.erb within rescues/layout (12.4ms)


Started GET "//about" for 66.249.69.135 at 2014-08-30 23:57:15 -0400
Processing by HomeController#about as */*
  [1m[36mCommittee Load (1.1ms)[0m  [1mSELECT year, position, name FROM `committees`[0m
  [1m[35mCurrentCommittee Load (1.0ms)[0m  SELECT name, description, image FROM `current_committees`
  Rendered home/about.html.erb within layouts/application (39.2ms)
Completed 200 OK in 307ms (Views: 206.7ms | ActiveRecord: 7.7ms)


Started GET "//" for 65.96.174.155 at 2014-08-31 00:00:49 -0400
Processing by HomeController#index as HTML
  Rendered home/index.html.erb within layouts/application (38.4ms)
Completed 200 OK in 58ms (Views: 57.3ms | ActiveRecord: 0.0ms)


Started GET "//assets/admin.css?body=1" for 65.96.174.155 at 2014-08-31 00:00:49 -0400


Started GET "//assets/application.css?body=1" for 65.96.174.155 at 2014-08-31 00:00:50 -0400


Started GET "//assets/home.css?body=1" for 65.96.174.155 at 2014-08-31 00:00:53 -0400


Started GET "//join" for 65.96.174.155 at 2014-08-31 00:01:10 -0400
Processing by AdminController#join as HTML
  Rendered admin/join.html.erb within layouts/application (11.5ms)
Completed 200 OK in 159ms (Views: 128.7ms | ActiveRecord: 0.0ms)


Started GET "//assets/admin.css?body=1" for 65.96.174.155 at 2014-08-31 00:01:10 -0400


Started GET "//assets/home.css?body=1" for 65.96.174.155 at 2014-08-31 00:01:10 -0400


Started GET "//assets/application.css?body=1" for 65.96.174.155 at 2014-08-31 00:01:10 -0400


Started GET "//home" for 65.96.174.155 at 2014-08-31 00:01:19 -0400
Processing by HomeController#index as HTML
  Rendered home/index.html.erb within layouts/application (54.2ms)
Completed 200 OK in 78ms (Views: 77.3ms | ActiveRecord: 0.0ms)


Started GET "//assets/application.css?body=1" for 65.96.174.155 at 2014-08-31 00:01:19 -0400


Started GET "//assets/admin.css?body=1" for 65.96.174.155 at 2014-08-31 00:01:19 -0400


Started GET "//assets/home.css?body=1" for 65.96.174.155 at 2014-08-31 00:01:20 -0400


Started GET "//join" for 65.96.174.155 at 2014-08-31 00:01:22 -0400
Processing by AdminController#join as HTML
  Rendered admin/join.html.erb within layouts/application (0.1ms)
Completed 200 OK in 41ms (Views: 40.2ms | ActiveRecord: 0.0ms)


Started GET "//assets/admin.css?body=1" for 65.96.174.155 at 2014-08-31 00:01:22 -0400


Started GET "//assets/application.css?body=1" for 65.96.174.155 at 2014-08-31 00:01:22 -0400


Started GET "//assets/home.css?body=1" for 65.96.174.155 at 2014-08-31 00:01:23 -0400


Started GET "//home" for 65.96.174.155 at 2014-08-31 00:01:45 -0400
Processing by HomeController#index as HTML
  Rendered home/index.html.erb within layouts/application (39.8ms)
Completed 200 OK in 60ms (Views: 59.3ms | ActiveRecord: 0.0ms)


Started GET "//assets/admin.css?body=1" for 65.96.174.155 at 2014-08-31 00:01:45 -0400


Started GET "//assets/home.css?body=1" for 65.96.174.155 at 2014-08-31 00:01:45 -0400


Started GET "//assets/application.css?body=1" for 65.96.174.155 at 2014-08-31 00:01:45 -0400


Started GET "//about" for 65.96.174.155 at 2014-08-31 00:02:03 -0400
Processing by HomeController#about as HTML
  [1m[36mCommittee Load (1.1ms)[0m  [1mSELECT year, position, name FROM `committees`[0m
  [1m[35mCurrentCommittee Load (0.9ms)[0m  SELECT name, description, image FROM `current_committees`
  Rendered home/about.html.erb within layouts/application (30.8ms)
Completed 200 OK in 67ms (Views: 61.8ms | ActiveRecord: 2.0ms)


Started GET "//assets/admin.css?body=1" for 65.96.174.155 at 2014-08-31 00:02:04 -0400


Started GET "//assets/application.css?body=1" for 65.96.174.155 at 2014-08-31 00:02:04 -0400


Started GET "//assets/home.css?body=1" for 65.96.174.155 at 2014-08-31 00:02:04 -0400


Started GET "//events" for 65.96.174.155 at 2014-08-31 00:02:10 -0400
Processing by HomeController#events as HTML
  [1m[36mEvent Load (1.2ms)[0m  [1mSELECT name, description, image FROM `events`[0m
  Rendered home/events.html.erb within layouts/application (92.4ms)
Completed 200 OK in 127ms (Views: 95.4ms | ActiveRecord: 27.0ms)


Started GET "//assets/application.css?body=1" for 65.96.174.155 at 2014-08-31 00:02:10 -0400


Started GET "//assets/admin.css?body=1" for 65.96.174.155 at 2014-08-31 00:02:10 -0400


Started GET "//assets/home.css?body=1" for 65.96.174.155 at 2014-08-31 00:02:11 -0400


Started GET "//assets/application.css?body=1" for 66.249.69.135 at 2014-08-31 00:08:47 -0400


Started GET "//about/constitution" for 66.249.69.135 at 2014-08-31 00:18:57 -0400
Processing by HomeController#constitution as */*
  Rendered home/constitution.html.erb within layouts/application (3.5ms)
Completed 200 OK in 171ms (Views: 140.0ms | ActiveRecord: 0.0ms)


Started GET "//assets/admin.css?body=1" for 66.249.69.151 at 2014-08-31 00:20:04 -0400


Started GET "//?p=546" for 54.90.93.170 at 2014-08-31 00:26:13 -0400
Processing by HomeController#index as HTML
  Parameters: {"p"=>"546"}
  Rendered home/index.html.erb within layouts/application (59.7ms)
Completed 200 OK in 79ms (Views: 78.1ms | ActiveRecord: 0.0ms)


Started GET "//assets/home.css?body=1" for 66.249.69.151 at 2014-08-31 00:27:54 -0400


Started GET "//assets/admin.css?body=1" for 66.249.69.135 at 2014-08-31 00:27:55 -0400


Started GET "//assets/application.css?body=1" for 66.249.69.135 at 2014-08-31 00:27:59 -0400


Started GET "//stylesheets/icomoon.css?1378234302" for 66.249.69.135 at 2014-08-31 00:28:02 -0400

ActionController::RoutingError (No route matches [GET] "/stylesheets/icomoon.css"):
  actionpack (4.0.0) lib/action_dispatch/middleware/debug_exceptions.rb:21:in `call'
  actionpack (4.0.0) lib/action_dispatch/middleware/show_exceptions.rb:30:in `call'
  railties (4.0.0) lib/rails/rack/logger.rb:38:in `call_app'
  railties (4.0.0) lib/rails/rack/logger.rb:21:in `block in call'
  activesupport (4.0.0) lib/active_support/tagged_logging.rb:67:in `block in tagged'
  activesupport (4.0.0) lib/active_support/tagged_logging.rb:25:in `tagged'
  activesupport (4.0.0) lib/active_support/tagged_logging.rb:67:in `tagged'
  railties (4.0.0) lib/rails/rack/logger.rb:21:in `call'
  actionpack (4.0.0) lib/action_dispatch/middleware/request_id.rb:21:in `call'
  rack (1.5.2) lib/rack/methodoverride.rb:21:in `call'
  rack (1.5.2) lib/rack/runtime.rb:17:in `call'
  activesupport (4.0.0) lib/active_support/cache/strategy/local_cache.rb:83:in `call'
  rack (1.5.2) lib/rack/lock.rb:17:in `call'
  actionpack (4.0.0) lib/action_dispatch/middleware/static.rb:64:in `call'
  railties (4.0.0) lib/rails/engine.rb:511:in `call'
  railties (4.0.0) lib/rails/application.rb:97:in `call'
  railties (4.0.0) lib/rails/railtie/configurable.rb:30:in `method_missing'
  rack (1.5.2) lib/rack/urlmap.rb:65:in `block in call'
  rack (1.5.2) lib/rack/urlmap.rb:50:in `each'
  rack (1.5.2) lib/rack/urlmap.rb:50:in `call'
  dispatch.fcgi:19:in `call'
  rack (1.5.2) lib/rack/handler/fastcgi.rb:66:in `serve'
  rack (1.5.2) lib/rack/handler/fastcgi.rb:28:in `block in run'
  rack (1.5.2) lib/rack/handler/fastcgi.rb:27:in `each'
  rack (1.5.2) lib/rack/handler/fastcgi.rb:27:in `run'
  dispatch.fcgi:28:in `block in <main>'


  Rendered /usr/share/gems/gems/actionpack-4.0.0/lib/action_dispatch/middleware/templates/rescues/_trace.erb (1.0ms)
  Rendered /usr/share/gems/gems/actionpack-4.0.0/lib/action_dispatch/middleware/templates/routes/_route.html.erb (1.1ms)
  Rendered /usr/share/gems/gems/actionpack-4.0.0/lib/action_dispatch/middleware/templates/routes/_table.html.erb (34.1ms)
  Rendered /usr/share/gems/gems/actionpack-4.0.0/lib/action_dispatch/middleware/templates/rescues/routing_error.erb within rescues/layout (86.3ms)


Started GET "//stylesheets/home.css?1380166521" for 66.249.69.151 at 2014-08-31 00:29:05 -0400

ActionController::RoutingError (No route matches [GET] "/stylesheets/home.css"):
  actionpack (4.0.0) lib/action_dispatch/middleware/debug_exceptions.rb:21:in `call'
  actionpack (4.0.0) lib/action_dispatch/middleware/show_exceptions.rb:30:in `call'
  railties (4.0.0) lib/rails/rack/logger.rb:38:in `call_app'
  railties (4.0.0) lib/rails/rack/logger.rb:21:in `block in call'
  activesupport (4.0.0) lib/active_support/tagged_logging.rb:67:in `block in tagged'
  activesupport (4.0.0) lib/active_support/tagged_logging.rb:25:in `tagged'
  activesupport (4.0.0) lib/active_support/tagged_logging.rb:67:in `tagged'
  railties (4.0.0) lib/rails/rack/logger.rb:21:in `call'
  actionpack (4.0.0) lib/action_dispatch/middleware/request_id.rb:21:in `call'
  rack (1.5.2) lib/rack/methodoverride.rb:21:in `call'
  rack (1.5.2) lib/rack/runtime.rb:17:in `call'
  activesupport (4.0.0) lib/active_support/cache/strategy/local_cache.rb:83:in `call'
  rack (1.5.2) lib/rack/lock.rb:17:in `call'
  actionpack (4.0.0) lib/action_dispatch/middleware/static.rb:64:in `call'
  railties (4.0.0) lib/rails/engine.rb:511:in `call'
  railties (4.0.0) lib/rails/application.rb:97:in `call'
  railties (4.0.0) lib/rails/railtie/configurable.rb:30:in `method_missing'
  rack (1.5.2) lib/rack/urlmap.rb:65:in `block in call'
  rack (1.5.2) lib/rack/urlmap.rb:50:in `each'
  rack (1.5.2) lib/rack/urlmap.rb:50:in `call'
  dispatch.fcgi:19:in `call'
  rack (1.5.2) lib/rack/handler/fastcgi.rb:66:in `serve'
  rack (1.5.2) lib/rack/handler/fastcgi.rb:28:in `block in run'
  rack (1.5.2) lib/rack/handler/fastcgi.rb:27:in `each'
  rack (1.5.2) lib/rack/handler/fastcgi.rb:27:in `run'
  dispatch.fcgi:28:in `block in <main>'


  Rendered /usr/share/gems/gems/actionpack-4.0.0/lib/action_dispatch/middleware/templates/rescues/_trace.erb (1.1ms)
  Rendered /usr/share/gems/gems/actionpack-4.0.0/lib/action_dispatch/middleware/templates/routes/_route.html.erb (1.1ms)
  Rendered /usr/share/gems/gems/actionpack-4.0.0/lib/action_dispatch/middleware/templates/routes/_table.html.erb (1.1ms)
  Rendered /usr/share/gems/gems/actionpack-4.0.0/lib/action_dispatch/middleware/templates/rescues/routing_error.erb within rescues/layout (12.8ms)


Started GET "//" for 66.30.115.21 at 2014-08-31 01:15:32 -0400
Processing by HomeController#index as HTML
  Rendered home/index.html.erb within layouts/application (52.4ms)
Completed 200 OK in 167ms (Views: 144.7ms | ActiveRecord: 0.0ms)


Started GET "//" for 66.30.115.21 at 2014-08-31 01:23:43 -0400
Processing by HomeController#index as HTML
  Rendered home/index.html.erb within layouts/application (35.4ms)
Completed 200 OK in 82ms (Views: 81.9ms | ActiveRecord: 0.0ms)


Started GET "//" for 66.249.69.167 at 2014-08-31 01:38:05 -0400
Processing by HomeController#index as HTML
  Rendered home/index.html.erb within layouts/application (58.1ms)
Completed 200 OK in 184ms (Views: 158.6ms | ActiveRecord: 0.0ms)


Started GET "//home" for 66.249.69.167 at 2014-08-31 01:40:23 -0400
Processing by HomeController#index as HTML
  Rendered home/index.html.erb within layouts/application (82.9ms)
Completed 200 OK in 174ms (Views: 173.2ms | ActiveRecord: 0.0ms)


Started GET "//assets/application.css?body=1" for 220.255.1.133 at 2014-08-31 03:29:42 -0400


Started GET "//join" for 220.255.1.133 at 2014-08-31 03:29:54 -0400
Processing by AdminController#join as HTML
  Rendered admin/join.html.erb within layouts/application (6.6ms)
Completed 200 OK in 176ms (Views: 153.4ms | ActiveRecord: 0.0ms)


Started GET "//assets/admin.css?body=1" for 220.255.1.133 at 2014-08-31 03:29:56 -0400


Started GET "//about" for 220.255.1.133 at 2014-08-31 03:29:58 -0400
Processing by HomeController#about as HTML
  [1m[36mCommittee Load (1.1ms)[0m  [1mSELECT year, position, name FROM `committees`[0m
  [1m[35mCurrentCommittee Load (1.0ms)[0m  SELECT name, description, image FROM `current_committees`
  Rendered home/about.html.erb within layouts/application (66.8ms)
Completed 200 OK in 151ms (Views: 97.1ms | ActiveRecord: 7.4ms)


Started GET "//assets/admin.css?body=1" for 220.255.1.133 at 2014-08-31 03:29:59 -0400


Started GET "//assets/application.css?body=1" for 220.255.1.135 at 2014-08-31 03:30:08 -0400


Started GET "//" for 18.7.62.58 at 2014-08-31 07:45:28 -0400
Processing by HomeController#index as HTML
  Rendered home/index.html.erb within layouts/application (29.6ms)
Completed 200 OK in 142ms (Views: 122.5ms | ActiveRecord: 0.0ms)


Started GET "//events" for 18.7.62.58 at 2014-08-31 07:46:14 -0400
Processing by HomeController#events as HTML
  [1m[36mEvent Load (1.0ms)[0m  [1mSELECT name, description, image FROM `events`[0m
  Rendered home/events.html.erb within layouts/application (39.1ms)
Completed 200 OK in 94ms (Views: 74.8ms | ActiveRecord: 3.8ms)


Started GET "//about" for 18.7.62.58 at 2014-08-31 07:46:15 -0400
Processing by HomeController#about as HTML
  [1m[35mCommittee Load (1.3ms)[0m  SELECT year, position, name FROM `committees`
  [1m[36mCurrentCommittee Load (0.9ms)[0m  [1mSELECT name, description, image FROM `current_committees`[0m
  Rendered home/about.html.erb within layouts/application (60.5ms)
Completed 200 OK in 116ms (Views: 80.3ms | ActiveRecord: 8.2ms)


Started GET "//home" for 18.7.62.58 at 2014-08-31 07:46:16 -0400
Processing by HomeController#index as HTML
  Rendered home/index.html.erb within layouts/application (57.6ms)
Completed 200 OK in 86ms (Views: 85.2ms | ActiveRecord: 0.0ms)


Started GET "//join" for 18.7.62.58 at 2014-08-31 07:46:17 -0400
Processing by AdminController#join as HTML
  Rendered admin/join.html.erb within layouts/application (0.5ms)
Completed 200 OK in 45ms (Views: 44.7ms | ActiveRecord: 0.0ms)


Started GET "//about/constitution" for 18.7.62.58 at 2014-08-31 07:46:18 -0400
Processing by HomeController#constitution as HTML
  Rendered home/constitution.html.erb within layouts/application (0.5ms)
Completed 200 OK in 55ms (Views: 54.3ms | ActiveRecord: 0.0ms)
s?body=1" for 220.255.1.135 at 2014-08-31 04:04:22 -0400


Started GET "//assets/admin.css?body=1" for 220.255.1.156 at 2014-08-31 04:04:26 -0400


Started GET "//about/constitution" for 18.181.0.46 at 2014-08-31 04:49:05 -0400
Processing by HomeController#constitution as HTML
  Rendered home/constitution.html.erb within layouts/application (3.5ms)
Completed 200 OK in 180ms (Views: 158.8ms | ActiveRecord: 0.0ms)


Started GET "//events" for 66.249.69.167 at 2014-08-31 06:02:53 -0400
Processing by HomeController#events as */*
  [1m[36mEvent Load (1.1ms)[0m  [1mSELECT name, description, image FROM `events`[0m
  Rendered home/events.html.erb within layouts/application (40.4ms)
Completed 200 OK in 177ms (Views: 138.8ms | ActiveRecord: 4.2ms)


Started GET "/rails4//" for 66.249.83.83 at 2014-08-31 08:09:39 -0400
Processing by HomeController#index as HTML
  Rendered home/index.html.erb within layouts/application (66.7ms)
Completed 200 OK in 282ms (Views: 258.5ms | ActiveRecord: 0.0ms)


Started GET "//events" for 66.249.69.135 at 2014-08-31 08:55:03 -0400


Started GET "//join" for 66.249.69.151 at 2014-08-31 08:55:03 -0400
Processing by HomeController#events as HTML
Processing by AdminController#join as HTML
  [1m[36mEvent Load (1.1ms)[0m  [1mSELECT name, description, image FROM `events`[0m
  Rendered admin/join.html.erb within layouts/application (9.8ms)
  Rendered home/events.html.erb within layouts/application (64.2ms)
Completed 200 OK in 189ms (Views: 150.0ms | ActiveRecord: 0.0ms)
Completed 200 OK in 204ms (Views: 156.0ms | ActiveRecord: 3.8ms)


Started GET "//about" for 66.249.69.135 at 2014-08-31 08:55:07 -0400
Processing by HomeController#about as HTML
  [1m[36mCommittee Load (1.1ms)[0m  [1mSELECT year, position, name FROM `committees`[0m
  [1m[35mCurrentCommittee Load (1.0ms)[0m  SELECT name, description, image FROM `current_committees`
  Rendered home/about.html.erb within layouts/application (62.8ms)
Completed 200 OK in 150ms (Views: 94.3ms | ActiveRecord: 7.6ms)


Started GET "/" for 65.96.174.155 at 2014-08-31 10:09:40 -0400
  [1m[36mActiveRecord::SchemaMigration Load (0.7ms)[0m  [1mSELECT `schema_migrations`.* FROM `schema_migrations`[0m
Processing by HomeController#index as HTML
  Rendered home/index.html.erb within layouts/application (45.8ms)
Completed 200 OK in 177ms (Views: 157.2ms | ActiveRecord: 0.0ms)


Started GET "/assets/application.css?body=1" for 65.96.174.155 at 2014-08-31 10:09:40 -0400


Started GET "/assets/admin.css?body=1" for 65.96.174.155 at 2014-08-31 10:09:41 -0400


Started GET "/assets/home.css?body=1" for 65.96.174.155 at 2014-08-31 10:09:41 -0400


Started GET "/about" for 65.96.174.155 at 2014-08-31 10:09:42 -0400
Processing by HomeController#about as HTML
  [1m[35mCommittee Load (1.0ms)[0m  SELECT year, position, name FROM `committees`
  [1m[36mCurrentCommittee Load (0.9ms)[0m  [1mSELECT name, description, image FROM `current_committees`[0m
  Rendered home/about.html.erb within layouts/application (33.1ms)
Completed 200 OK in 88ms (Views: 48.6ms | ActiveRecord: 7.0ms)


Started GET "/assets/home.css?body=1" for 65.96.174.155 at 2014-08-31 10:09:42 -0400


Started GET "/assets/application.css?body=1" for 65.96.174.155 at 2014-08-31 10:09:42 -0400


Started GET "/assets/admin.css?body=1" for 65.96.174.155 at 2014-08-31 10:09:42 -0400


Started GET "/events" for 65.96.174.155 at 2014-08-31 10:09:43 -0400
Processing by HomeController#events as HTML
  [1m[35mEvent Load (0.9ms)[0m  SELECT name, description, image FROM `events`
  Rendered home/events.html.erb within layouts/application (65.9ms)
Completed 200 OK in 94ms (Views: 80.5ms | ActiveRecord: 3.6ms)


Started GET "/assets/admin.css?body=1" for 65.96.174.155 at 2014-08-31 10:09:43 -0400


Started GET "/assets/home.css?body=1" for 65.96.174.155 at 2014-08-31 10:09:43 -0400


Started GET "/assets/application.css?body=1" for 65.96.174.155 at 2014-08-31 10:09:43 -0400


Started GET "/join" for 65.96.174.155 at 2014-08-31 10:09:43 -0400
Processing by AdminController#join as HTML
  Rendered admin/join.html.erb within layouts/application (0.5ms)
Completed 200 OK in 21ms (Views: 20.3ms | ActiveRecord: 0.0ms)


Started GET "/assets/admin.css?body=1" for 65.96.174.155 at 2014-08-31 10:09:44 -0400


Started GET "/assets/home.css?body=1" for 65.96.174.155 at 2014-08-31 10:09:44 -0400


Started GET "/assets/application.css?body=1" for 65.96.174.155 at 2014-08-31 10:09:44 -0400


Started GET "/events" for 65.96.174.155 at 2014-08-31 10:09:45 -0400
Processing by HomeController#events as HTML
  [1m[36mEvent Load (0.9ms)[0m  [1mSELECT name, description, image FROM `events`[0m
  Rendered home/events.html.erb within layouts/application (15.6ms)
Completed 200 OK in 29ms (Views: 27.4ms | ActiveRecord: 0.9ms)


Started GET "/assets/home.css?body=1" for 65.96.174.155 at 2014-08-31 10:09:45 -0400


Started GET "/assets/admin.css?body=1" for 65.96.174.155 at 2014-08-31 10:09:45 -0400


Started GET "/assets/application.css?body=1" for 65.96.174.155 at 2014-08-31 10:09:45 -0400


Started GET "/home" for 65.96.174.155 at 2014-08-31 10:09:47 -0400
Processing by HomeController#index as HTML
  Rendered home/index.html.erb within layouts/application (25.0ms)
Completed 200 OK in 38ms (Views: 37.3ms | ActiveRecord: 0.0ms)


Started GET "/assets/admin.css?body=1" for 65.96.174.155 at 2014-08-31 10:09:47 -0400


Started GET "/assets/home.css?body=1" for 65.96.174.155 at 2014-08-31 10:09:47 -0400


Started GET "/assets/application.css?body=1" for 65.96.174.155 at 2014-08-31 10:09:47 -0400


Started GET "/about" for 65.96.174.155 at 2014-08-31 10:09:48 -0400
Processing by HomeController#about as HTML
  [1m[35mCommittee Load (1.0ms)[0m  SELECT year, position, name FROM `committees`
  [1m[36mCurrentCommittee Load (0.8ms)[0m  [1mSELECT name, description, image FROM `current_committees`[0m
  Rendered home/about.html.erb within layouts/application (15.9ms)
Completed 200 OK in 32ms (Views: 27.1ms | ActiveRecord: 1.9ms)


Started GET "/assets/admin.css?body=1" for 65.96.174.155 at 2014-08-31 10:09:48 -0400


Started GET "/assets/application.css?body=1" for 65.96.174.155 at 2014-08-31 10:09:48 -0400


Started GET "/assets/home.css?body=1" for 65.96.174.155 at 2014-08-31 10:09:48 -0400


Started GET "/join" for 65.96.174.155 at 2014-08-31 10:09:48 -0400
Processing by AdminController#join as HTML
  Rendered admin/join.html.erb within layouts/application (0.0ms)
Completed 200 OK in 13ms (Views: 12.2ms | ActiveRecord: 0.0ms)


Started GET "/assets/admin.css?body=1" for 65.96.174.155 at 2014-08-31 10:09:48 -0400


Started GET "/assets/home.css?body=1" for 65.96.174.155 at 2014-08-31 10:09:48 -0400


Started GET "/assets/application.css?body=1" for 65.96.174.155 at 2014-08-31 10:09:48 -0400


Started GET "/events" for 65.96.174.155 at 2014-08-31 10:09:49 -0400
Processing by HomeController#events as HTML
  [1m[35mEvent Load (0.9ms)[0m  SELECT name, description, image FROM `events`
  Rendered home/events.html.erb within layouts/application (15.1ms)
Completed 200 OK in 28ms (Views: 26.3ms | ActiveRecord: 0.9ms)


Started GET "/assets/home.css?body=1" for 65.96.174.155 at 2014-08-31 10:09:49 -0400


Started GET "/assets/admin.css?body=1" for 65.96.174.155 at 2014-08-31 10:09:49 -0400


Started GET "/assets/application.css?body=1" for 65.96.174.155 at 2014-08-31 10:09:49 -0400


Started GET "/about" for 65.96.174.155 at 2014-08-31 10:09:50 -0400
Processing by HomeController#about as HTML
  [1m[36mCommittee Load (1.0ms)[0m  [1mSELECT year, position, name FROM `committees`[0m
  [1m[35mCurrentCommittee Load (1.0ms)[0m  SELECT name, description, image FROM `current_committees`
  Rendered home/about.html.erb within layouts/application (16.2ms)
Completed 200 OK in 32ms (Views: 27.5ms | ActiveRecord: 2.0ms)


Started GET "/assets/home.css?body=1" for 65.96.174.155 at 2014-08-31 10:09:50 -0400


Started GET "/assets/admin.css?body=1" for 65.96.174.155 at 2014-08-31 10:09:50 -0400


Started GET "/assets/application.css?body=1" for 65.96.174.155 at 2014-08-31 10:09:50 -0400


Started GET "/home" for 65.96.174.155 at 2014-08-31 10:09:50 -0400
Processing by HomeController#index as HTML
  Rendered home/index.html.erb within layouts/application (24.2ms)
Completed 200 OK in 37ms (Views: 36.2ms | ActiveRecord: 0.0ms)


Started GET "/assets/admin.css?body=1" for 65.96.174.155 at 2014-08-31 10:09:50 -0400


Started GET "/assets/application.css?body=1" for 65.96.174.155 at 2014-08-31 10:09:50 -0400


Started GET "/assets/home.css?body=1" for 65.96.174.155 at 2014-08-31 10:09:50 -0400


Started GET "/about" for 65.96.174.155 at 2014-08-31 10:09:55 -0400
Processing by HomeController#about as HTML
  [1m[36mCommittee Load (1.1ms)[0m  [1mSELECT year, position, name FROM `committees`[0m
  [1m[35mCurrentCommittee Load (0.9ms)[0m  SELECT name, description, image FROM `current_committees`
  Rendered home/about.html.erb within layouts/application (15.7ms)
Completed 200 OK in 31ms (Views: 26.7ms | ActiveRecord: 1.9ms)


Started GET "/assets/admin.css?body=1" for 65.96.174.155 at 2014-08-31 10:09:55 -0400


Started GET "/assets/home.css?body=1" for 65.96.174.155 at 2014-08-31 10:09:55 -0400


Started GET "/assets/application.css?body=1" for 65.96.174.155 at 2014-08-31 10:09:55 -0400


Started GET "/home" for 65.96.174.155 at 2014-08-31 10:10:50 -0400
Processing by HomeController#index as HTML
  Rendered home/index.html.erb within layouts/application (52.8ms)
Completed 200 OK in 67ms (Views: 66.8ms | ActiveRecord: 0.0ms)


Started GET "/assets/admin.css?body=1" for 65.96.174.155 at 2014-08-31 10:10:50 -0400


Started GET "/assets/home.css?body=1" for 65.96.174.155 at 2014-08-31 10:10:50 -0400


Started GET "/assets/application.css?body=1" for 65.96.174.155 at 2014-08-31 10:10:50 -0400


Started GET "/join" for 65.96.174.155 at 2014-08-31 10:10:51 -0400
Processing by AdminController#join as HTML
  Rendered admin/join.html.erb within layouts/application (0.0ms)
Completed 200 OK in 13ms (Views: 12.8ms | ActiveRecord: 0.0ms)


Started GET "/assets/home.css?body=1" for 65.96.174.155 at 2014-08-31 10:10:51 -0400


Started GET "/assets/application.css?body=1" for 65.96.174.155 at 2014-08-31 10:10:51 -0400


Started GET "/assets/admin.css?body=1" for 65.96.174.155 at 2014-08-31 10:10:51 -0400
